mode: set
github.com/runabol/tork/job.go:71.28,73.23 2 1
github.com/runabol/tork/job.go:73.23,75.3 1 0
github.com/runabol/tork/job.go:76.2,96.3 1 1
github.com/runabol/tork/job.go:99.40,104.2 1 1
github.com/runabol/tork/job.go:106.44,111.2 1 0
github.com/runabol/tork/job.go:113.44,115.21 2 0
github.com/runabol/tork/job.go:115.21,117.3 1 0
github.com/runabol/tork/job.go:118.2,118.20 1 0
github.com/runabol/tork/job.go:118.20,120.3 1 0
github.com/runabol/tork/job.go:121.2,123.15 3 0
github.com/runabol/tork/job.go:126.40,143.2 1 0
github.com/runabol/tork/node.go:30.30,42.2 1 0
github.com/runabol/tork/task.go:99.36,103.2 1 0
github.com/runabol/tork/task.go:105.30,107.20 2 1
github.com/runabol/tork/task.go:107.20,109.3 1 0
github.com/runabol/tork/task.go:110.2,111.21 2 1
github.com/runabol/tork/task.go:111.21,113.3 1 1
github.com/runabol/tork/task.go:114.2,115.19 2 1
github.com/runabol/tork/task.go:115.19,117.3 1 0
github.com/runabol/tork/task.go:118.2,119.21 2 1
github.com/runabol/tork/task.go:119.21,121.3 1 0
github.com/runabol/tork/task.go:122.2,123.23 2 1
github.com/runabol/tork/task.go:123.23,125.3 1 1
github.com/runabol/tork/task.go:126.2,127.23 2 1
github.com/runabol/tork/task.go:127.23,129.3 1 0
github.com/runabol/tork/task.go:130.2,166.3 1 1
github.com/runabol/tork/task.go:169.40,171.26 2 1
github.com/runabol/tork/task.go:171.26,173.3 1 1
github.com/runabol/tork/task.go:174.2,174.13 1 1
github.com/runabol/tork/task.go:177.40,182.2 1 0
github.com/runabol/tork/task.go:184.42,189.2 1 1
github.com/runabol/tork/task.go:191.38,198.2 1 0
github.com/runabol/tork/task.go:200.42,209.2 1 0
github.com/runabol/tork/task.go:211.46,216.2 1 1
github.com/runabol/tork/task.go:218.38,223.2 1 0
github.com/runabol/tork/version.go:13.32,15.2 1 0
github.com/runabol/tork/conf/conf.go:28.25,31.22 3 1
github.com/runabol/tork/conf/conf.go:31.22,33.3 1 1
github.com/runabol/tork/conf/conf.go:33.8,35.3 1 1
github.com/runabol/tork/conf/conf.go:37.2,37.26 1 1
github.com/runabol/tork/conf/conf.go:37.26,39.37 2 1
github.com/runabol/tork/conf/conf.go:39.37,40.12 1 1
github.com/runabol/tork/conf/conf.go:42.3,42.17 1 1
github.com/runabol/tork/conf/conf.go:42.17,44.4 1 1
github.com/runabol/tork/conf/conf.go:45.3,46.13 2 1
github.com/runabol/tork/conf/conf.go:49.2,49.71 1 1
github.com/runabol/tork/conf/conf.go:49.71,52.3 1 1
github.com/runabol/tork/conf/conf.go:52.23,54.3 1 0
github.com/runabol/tork/conf/conf.go:55.2,56.22 2 1
github.com/runabol/tork/conf/conf.go:56.22,58.3 1 1
github.com/runabol/tork/conf/conf.go:58.8,60.3 1 1
github.com/runabol/tork/conf/conf.go:61.2,61.12 1 1
github.com/runabol/tork/conf/conf.go:64.40,66.2 1 1
github.com/runabol/tork/conf/conf.go:68.41,70.2 1 1
github.com/runabol/tork/conf/conf.go:72.42,74.2 1 1
github.com/runabol/tork/conf/conf.go:76.46,78.2 1 0
github.com/runabol/tork/conf/conf.go:80.35,82.2 1 0
github.com/runabol/tork/conf/conf.go:84.66,86.14 2 1
github.com/runabol/tork/conf/conf.go:86.14,88.3 1 1
github.com/runabol/tork/conf/conf.go:89.2,89.27 1 1
github.com/runabol/tork/conf/conf.go:92.55,94.14 2 0
github.com/runabol/tork/conf/conf.go:94.14,96.3 1 0
github.com/runabol/tork/conf/conf.go:97.2,97.26 1 0
github.com/runabol/tork/conf/conf.go:100.41,102.14 2 0
github.com/runabol/tork/conf/conf.go:102.14,104.3 1 0
github.com/runabol/tork/conf/conf.go:105.2,105.22 1 0
github.com/runabol/tork/conf/conf.go:108.32,110.2 1 1
github.com/runabol/tork/conf/conf.go:112.43,114.13 2 1
github.com/runabol/tork/conf/conf.go:114.13,116.3 1 0
github.com/runabol/tork/conf/conf.go:117.2,117.11 1 1
github.com/runabol/tork/conf/conf.go:120.28,122.2 1 1
github.com/runabol/tork/conf/conf.go:124.44,126.14 2 1
github.com/runabol/tork/conf/conf.go:126.14,128.3 1 1
github.com/runabol/tork/conf/conf.go:129.2,129.18 1 1
github.com/runabol/tork/job.go:71.28,73.23 2 0
github.com/runabol/tork/job.go:73.23,75.3 1 0
github.com/runabol/tork/job.go:76.2,96.3 1 0
github.com/runabol/tork/job.go:99.40,104.2 1 0
github.com/runabol/tork/job.go:106.44,111.2 1 0
github.com/runabol/tork/job.go:113.44,115.21 2 0
github.com/runabol/tork/job.go:115.21,117.3 1 0
github.com/runabol/tork/job.go:118.2,118.20 1 0
github.com/runabol/tork/job.go:118.20,120.3 1 0
github.com/runabol/tork/job.go:121.2,123.15 3 0
github.com/runabol/tork/job.go:126.40,143.2 1 0
github.com/runabol/tork/node.go:30.30,42.2 1 0
github.com/runabol/tork/task.go:99.36,103.2 1 0
github.com/runabol/tork/task.go:105.30,107.20 2 0
github.com/runabol/tork/task.go:107.20,109.3 1 0
github.com/runabol/tork/task.go:110.2,111.21 2 0
github.com/runabol/tork/task.go:111.21,113.3 1 0
github.com/runabol/tork/task.go:114.2,115.19 2 0
github.com/runabol/tork/task.go:115.19,117.3 1 0
github.com/runabol/tork/task.go:118.2,119.21 2 0
github.com/runabol/tork/task.go:119.21,121.3 1 0
github.com/runabol/tork/task.go:122.2,123.23 2 0
github.com/runabol/tork/task.go:123.23,125.3 1 0
github.com/runabol/tork/task.go:126.2,127.23 2 0
github.com/runabol/tork/task.go:127.23,129.3 1 0
github.com/runabol/tork/task.go:130.2,166.3 1 0
github.com/runabol/tork/task.go:169.40,171.26 2 0
github.com/runabol/tork/task.go:171.26,173.3 1 0
github.com/runabol/tork/task.go:174.2,174.13 1 0
github.com/runabol/tork/task.go:177.40,182.2 1 0
github.com/runabol/tork/task.go:184.42,189.2 1 0
github.com/runabol/tork/task.go:191.38,198.2 1 0
github.com/runabol/tork/task.go:200.42,209.2 1 0
github.com/runabol/tork/task.go:211.46,216.2 1 0
github.com/runabol/tork/task.go:218.38,223.2 1 0
github.com/runabol/tork/version.go:13.32,15.2 1 0
github.com/runabol/tork/input/job.go:27.28,28.17 1 0
github.com/runabol/tork/input/job.go:28.17,30.3 1 0
github.com/runabol/tork/input/job.go:31.2,31.14 1 0
github.com/runabol/tork/input/job.go:34.34,42.30 8 0
github.com/runabol/tork/input/job.go:42.30,44.3 1 0
github.com/runabol/tork/input/job.go:45.2,52.24 8 0
github.com/runabol/tork/input/job.go:52.24,54.3 1 0
github.com/runabol/tork/input/job.go:55.2,55.10 1 0
github.com/runabol/tork/input/job.go:58.53,60.20 2 0
github.com/runabol/tork/input/job.go:60.20,62.3 1 0
github.com/runabol/tork/input/job.go:63.2,63.21 1 0
github.com/runabol/tork/input/job.go:63.21,65.3 1 0
github.com/runabol/tork/input/job.go:66.2,68.12 3 0
github.com/runabol/tork/input/task.go:50.37,56.2 1 0
github.com/runabol/tork/input/task.go:58.38,60.23 2 0
github.com/runabol/tork/input/task.go:60.23,65.3 1 0
github.com/runabol/tork/input/task.go:66.2,76.3 1 0
github.com/runabol/tork/input/task.go:79.35,83.20 4 0
github.com/runabol/tork/input/task.go:83.20,85.3 1 0
github.com/runabol/tork/input/task.go:86.2,87.21 2 0
github.com/runabol/tork/input/task.go:87.21,89.3 1 0
github.com/runabol/tork/input/task.go:90.2,91.19 2 0
github.com/runabol/tork/input/task.go:91.19,96.3 1 0
github.com/runabol/tork/input/task.go:97.2,98.21 2 0
github.com/runabol/tork/input/task.go:98.21,106.3 1 0
github.com/runabol/tork/input/task.go:107.2,108.23 2 0
github.com/runabol/tork/input/task.go:108.23,112.3 1 0
github.com/runabol/tork/input/task.go:113.2,114.23 2 0
github.com/runabol/tork/input/task.go:114.23,119.3 1 0
github.com/runabol/tork/input/task.go:120.2,143.3 1 0
github.com/runabol/tork/input/task.go:146.40,148.23 2 0
github.com/runabol/tork/input/task.go:148.23,150.3 1 0
github.com/runabol/tork/input/task.go:151.2,151.15 1 0
github.com/runabol/tork/input/task.go:154.45,156.25 2 0
github.com/runabol/tork/input/task.go:156.25,158.3 1 0
github.com/runabol/tork/input/task.go:159.2,159.15 1 0
github.com/runabol/tork/input/task.go:162.39,164.25 2 0
github.com/runabol/tork/input/task.go:164.25,166.3 1 0
github.com/runabol/tork/input/task.go:167.2,167.15 1 0
github.com/runabol/tork/input/task.go:170.50,175.2 1 0
github.com/runabol/tork/input/task.go:177.47,181.2 1 0
github.com/runabol/tork/input/validate.go:18.32,20.82 2 1
github.com/runabol/tork/input/validate.go:20.82,22.3 1 0
github.com/runabol/tork/input/validate.go:23.2,23.76 1 1
github.com/runabol/tork/input/validate.go:23.76,25.3 1 0
github.com/runabol/tork/input/validate.go:26.2,26.74 1 1
github.com/runabol/tork/input/validate.go:26.74,28.3 1 0
github.com/runabol/tork/input/validate.go:29.2,31.28 3 1
github.com/runabol/tork/input/validate.go:34.49,36.13 2 1
github.com/runabol/tork/input/validate.go:36.13,38.3 1 1
github.com/runabol/tork/input/validate.go:39.2,39.26 1 1
github.com/runabol/tork/input/validate.go:42.46,44.20 2 1
github.com/runabol/tork/input/validate.go:44.20,46.3 1 1
github.com/runabol/tork/input/validate.go:46.8,46.65 1 1
github.com/runabol/tork/input/validate.go:46.65,48.3 1 0
github.com/runabol/tork/input/validate.go:48.8,48.65 1 1
github.com/runabol/tork/input/validate.go:48.65,50.3 1 0
github.com/runabol/tork/input/validate.go:50.8,50.63 1 1
github.com/runabol/tork/input/validate.go:50.63,52.3 1 1
github.com/runabol/tork/input/validate.go:52.8,52.70 1 1
github.com/runabol/tork/input/validate.go:52.70,54.3 1 1
github.com/runabol/tork/input/validate.go:54.8,54.70 1 1
github.com/runabol/tork/input/validate.go:54.70,56.3 1 1
github.com/runabol/tork/input/validate.go:56.8,56.34 1 1
github.com/runabol/tork/input/validate.go:56.34,58.3 1 1
github.com/runabol/tork/input/validate.go:61.53,63.13 2 1
github.com/runabol/tork/input/validate.go:63.13,65.3 1 1
github.com/runabol/tork/input/validate.go:66.2,67.19 2 1
github.com/runabol/tork/input/validate.go:70.50,72.13 2 1
github.com/runabol/tork/input/validate.go:72.13,74.3 1 1
github.com/runabol/tork/input/validate.go:75.2,75.53 1 1
github.com/runabol/tork/input/validate.go:75.53,77.3 1 1
github.com/runabol/tork/input/validate.go:78.2,78.30 1 1
github.com/runabol/tork/input/validate.go:78.30,80.3 1 1
github.com/runabol/tork/input/validate.go:81.2,81.13 1 1
github.com/runabol/tork/input/validate.go:84.52,87.2 2 1
github.com/runabol/tork/input/validate.go:89.51,92.42 2 1
github.com/runabol/tork/input/validate.go:92.42,95.3 2 1
github.com/runabol/tork/input/validate.go:97.2,97.44 1 1
github.com/runabol/tork/input/validate.go:97.44,100.3 2 1
github.com/runabol/tork/input/validate.go:102.2,102.40 1 1
github.com/runabol/tork/input/validate.go:102.40,105.3 2 0
github.com/runabol/tork/input/validate.go:109.56,111.59 2 1
github.com/runabol/tork/input/validate.go:111.59,113.3 1 1
github.com/runabol/tork/input/validate.go:114.2,114.19 1 1
github.com/runabol/tork/input/validate.go:114.19,116.3 1 1
github.com/runabol/tork/input/validate.go:117.2,117.20 1 1
github.com/runabol/tork/input/validate.go:117.20,119.3 1 0
github.com/runabol/tork/input/validate.go:120.2,120.27 1 1
github.com/runabol/tork/input/validate.go:120.27,122.3 1 0
github.com/runabol/tork/input/validate.go:123.2,123.17 1 1
github.com/runabol/tork/input/validate.go:123.17,125.3 1 0
github.com/runabol/tork/input/validate.go:126.2,126.20 1 1
github.com/runabol/tork/input/validate.go:126.20,128.3 1 0
github.com/runabol/tork/input/validate.go:129.2,129.19 1 1
github.com/runabol/tork/input/validate.go:129.19,131.3 1 0
github.com/runabol/tork/input/validate.go:132.2,132.20 1 1
github.com/runabol/tork/input/validate.go:132.20,134.3 1 0
github.com/runabol/tork/input/validate.go:135.2,135.21 1 1
github.com/runabol/tork/input/validate.go:135.21,137.3 1 0
github.com/runabol/tork/input/validate.go:138.2,138.23 1 1
github.com/runabol/tork/input/validate.go:138.23,140.3 1 0
github.com/runabol/tork/input/validate.go:141.2,141.20 1 1
github.com/runabol/tork/input/validate.go:141.20,143.3 1 0
github.com/runabol/tork/input/validate.go:144.2,144.21 1 1
github.com/runabol/tork/input/validate.go:144.21,146.3 1 0
github.com/runabol/tork/input/validate.go:147.2,147.21 1 1
github.com/runabol/tork/input/validate.go:147.21,149.3 1 1
github.com/runabol/tork/internal/eval/eval.go:15.57,18.16 2 0
github.com/runabol/tork/internal/eval/eval.go:18.16,20.3 1 0
github.com/runabol/tork/internal/eval/eval.go:21.2,24.16 3 0
github.com/runabol/tork/internal/eval/eval.go:24.16,26.3 1 0
github.com/runabol/tork/internal/eval/eval.go:27.2,30.16 3 0
github.com/runabol/tork/internal/eval/eval.go:30.16,32.3 1 0
github.com/runabol/tork/internal/eval/eval.go:33.2,36.16 3 0
github.com/runabol/tork/internal/eval/eval.go:36.16,38.3 1 0
github.com/runabol/tork/internal/eval/eval.go:39.2,42.24 3 0
github.com/runabol/tork/internal/eval/eval.go:42.24,44.17 2 0
github.com/runabol/tork/internal/eval/eval.go:44.17,46.4 1 0
github.com/runabol/tork/internal/eval/eval.go:47.3,47.18 1 0
github.com/runabol/tork/internal/eval/eval.go:49.2,52.16 3 0
github.com/runabol/tork/internal/eval/eval.go:52.16,54.3 1 0
github.com/runabol/tork/internal/eval/eval.go:55.2,58.28 3 0
github.com/runabol/tork/internal/eval/eval.go:58.28,59.46 1 0
github.com/runabol/tork/internal/eval/eval.go:59.46,61.4 1 0
github.com/runabol/tork/internal/eval/eval.go:62.3,62.16 1 0
github.com/runabol/tork/internal/eval/eval.go:64.2,67.30 3 0
github.com/runabol/tork/internal/eval/eval.go:67.30,68.47 1 0
github.com/runabol/tork/internal/eval/eval.go:68.47,70.4 1 0
github.com/runabol/tork/internal/eval/eval.go:71.3,71.18 1 0
github.com/runabol/tork/internal/eval/eval.go:73.2,75.23 2 0
github.com/runabol/tork/internal/eval/eval.go:75.23,77.40 2 0
github.com/runabol/tork/internal/eval/eval.go:77.40,78.47 1 0
github.com/runabol/tork/internal/eval/eval.go:78.47,80.5 1 0
github.com/runabol/tork/internal/eval/eval.go:81.4,81.21 1 0
github.com/runabol/tork/internal/eval/eval.go:83.3,83.30 1 0
github.com/runabol/tork/internal/eval/eval.go:85.2,85.12 1 0
github.com/runabol/tork/internal/eval/eval.go:88.68,89.14 1 0
github.com/runabol/tork/internal/eval/eval.go:89.14,91.3 1 0
github.com/runabol/tork/internal/eval/eval.go:92.2,94.71 3 0
github.com/runabol/tork/internal/eval/eval.go:94.71,101.17 7 0
github.com/runabol/tork/internal/eval/eval.go:101.17,103.4 1 0
github.com/runabol/tork/internal/eval/eval.go:104.3,105.15 2 0
github.com/runabol/tork/internal/eval/eval.go:107.2,108.26 2 0
github.com/runabol/tork/internal/eval/eval.go:111.32,115.2 3 1
github.com/runabol/tork/internal/eval/eval.go:117.37,118.67 1 1
github.com/runabol/tork/internal/eval/eval.go:118.67,120.3 1 1
github.com/runabol/tork/internal/eval/eval.go:121.2,121.11 1 1
github.com/runabol/tork/internal/eval/eval.go:124.61,130.22 3 0
github.com/runabol/tork/internal/eval/eval.go:130.22,132.3 1 0
github.com/runabol/tork/internal/eval/eval.go:133.2,134.16 2 0
github.com/runabol/tork/internal/eval/eval.go:134.16,136.3 1 0
github.com/runabol/tork/internal/eval/eval.go:137.2,138.16 2 0
github.com/runabol/tork/internal/eval/eval.go:138.16,140.3 1 0
github.com/runabol/tork/internal/eval/eval.go:141.2,141.20 1 0
github.com/runabol/tork/internal/eval/funcs.go:10.42,11.20 1 0
github.com/runabol/tork/internal/eval/funcs.go:11.20,12.21 1 0
github.com/runabol/tork/internal/eval/funcs.go:12.21,14.4 1 0
github.com/runabol/tork/internal/eval/funcs.go:15.3,16.18 2 0
github.com/runabol/tork/internal/eval/funcs.go:16.18,18.4 1 0
github.com/runabol/tork/internal/eval/funcs.go:19.3,19.38 1 0
github.com/runabol/tork/internal/eval/funcs.go:20.8,20.27 1 0
github.com/runabol/tork/internal/eval/funcs.go:20.27,22.3 1 0
github.com/runabol/tork/internal/eval/funcs.go:22.8,24.3 1 0
github.com/runabol/tork/internal/eval/funcs.go:27.38,28.18 1 0
github.com/runabol/tork/internal/eval/funcs.go:28.18,30.3 1 0
github.com/runabol/tork/internal/eval/funcs.go:31.2,32.25 2 0
github.com/runabol/tork/internal/eval/funcs.go:32.25,35.3 2 0
github.com/runabol/tork/internal/eval/funcs.go:36.2,36.15 1 0
github.com/runabol/tork/internal/syncx/map.go:9.35,11.2 1 0
github.com/runabol/tork/internal/syncx/map.go:13.51,15.9 2 0
github.com/runabol/tork/internal/syncx/map.go:15.9,17.3 1 0
github.com/runabol/tork/internal/syncx/map.go:18.2,18.18 1 0
github.com/runabol/tork/internal/syncx/map.go:21.41,23.2 1 0
github.com/runabol/tork/internal/syncx/map.go:25.53,26.38 1 0
github.com/runabol/tork/internal/syncx/map.go:26.38,29.3 2 0
github.com/runabol/tork/internal/uuid/uuid.go:10.23,12.2 1 0
github.com/runabol/tork/internal/wildcard/wildcard.go:7.41,8.25 1 0
github.com/runabol/tork/internal/wildcard/wildcard.go:8.25,10.13 2 0
github.com/runabol/tork/internal/wildcard/wildcard.go:10.13,12.4 1 0
github.com/runabol/tork/internal/wildcard/wildcard.go:15.2,15.14 1 0
github.com/runabol/tork/internal/wildcard/wildcard.go:18.43,20.26 1 0
github.com/runabol/tork/internal/wildcard/wildcard.go:20.26,22.3 1 0
github.com/runabol/tork/internal/wildcard/wildcard.go:24.2,24.19 1 0
github.com/runabol/tork/internal/wildcard/wildcard.go:24.19,26.3 1 0
github.com/runabol/tork/internal/wildcard/wildcard.go:30.2,30.29 1 0
github.com/runabol/tork/internal/wildcard/wildcard.go:30.29,32.3 1 0
github.com/runabol/tork/internal/wildcard/wildcard.go:35.2,38.28 4 0
github.com/runabol/tork/internal/wildcard/wildcard.go:38.28,40.3 1 0
github.com/runabol/tork/internal/wildcard/wildcard.go:42.2,44.26 2 0
github.com/runabol/tork/internal/wildcard/wildcard.go:44.26,45.22 1 0
github.com/runabol/tork/internal/wildcard/wildcard.go:45.22,47.4 1 0
github.com/runabol/tork/internal/wildcard/wildcard.go:47.9,49.4 1 0
github.com/runabol/tork/internal/wildcard/wildcard.go:52.2,52.26 1 0
github.com/runabol/tork/internal/wildcard/wildcard.go:52.26,54.3 1 0
github.com/runabol/tork/internal/wildcard/wildcard.go:57.2,57.26 1 0
github.com/runabol/tork/internal/wildcard/wildcard.go:57.26,58.27 1 0
github.com/runabol/tork/internal/wildcard/wildcard.go:58.27,61.22 3 0
github.com/runabol/tork/internal/wildcard/wildcard.go:62.11,63.56 1 0
github.com/runabol/tork/internal/wildcard/wildcard.go:64.12,65.17 1 0
github.com/runabol/tork/internal/wildcard/wildcard.go:65.17,67.6 1 0
github.com/runabol/tork/internal/wildcard/wildcard.go:67.11,69.6 1 0
github.com/runabol/tork/internal/wildcard/wildcard.go:74.2,74.19 1 0
github.com/runabol/tork/mq/inmemory.go:36.35,43.12 2 0
github.com/runabol/tork/mq/inmemory.go:43.12,44.7 1 0
github.com/runabol/tork/mq/inmemory.go:44.7,45.11 1 0
github.com/runabol/tork/mq/inmemory.go:46.23,48.11 2 0
github.com/runabol/tork/mq/inmemory.go:49.21,51.32 2 0
github.com/runabol/tork/mq/inmemory.go:51.32,53.6 1 0
github.com/runabol/tork/mq/inmemory.go:54.5,54.19 1 0
github.com/runabol/tork/mq/inmemory.go:59.2,59.10 1 0
github.com/runabol/tork/mq/inmemory.go:62.49,66.2 3 0
github.com/runabol/tork/mq/inmemory.go:68.33,70.2 1 0
github.com/runabol/tork/mq/inmemory.go:72.25,75.2 2 0
github.com/runabol/tork/mq/inmemory.go:85.35,92.2 1 0
github.com/runabol/tork/mq/inmemory.go:99.29,101.2 1 0
github.com/runabol/tork/mq/inmemory.go:103.28,105.2 1 0
github.com/runabol/tork/mq/inmemory.go:107.25,110.29 3 0
github.com/runabol/tork/mq/inmemory.go:110.29,112.33 2 0
github.com/runabol/tork/mq/inmemory.go:112.33,114.4 1 0
github.com/runabol/tork/mq/inmemory.go:118.50,127.12 6 0
github.com/runabol/tork/mq/inmemory.go:127.12,128.7 1 0
github.com/runabol/tork/mq/inmemory.go:128.7,129.11 1 0
github.com/runabol/tork/mq/inmemory.go:130.21,132.11 2 0
github.com/runabol/tork/mq/inmemory.go:133.21,135.34 2 0
github.com/runabol/tork/mq/inmemory.go:135.34,139.6 1 0
github.com/runabol/tork/mq/inmemory.go:140.5,140.36 1 0
github.com/runabol/tork/mq/inmemory.go:147.42,153.2 1 0
github.com/runabol/tork/mq/inmemory.go:155.93,158.2 2 0
github.com/runabol/tork/mq/inmemory.go:160.98,161.46 1 0
github.com/runabol/tork/mq/inmemory.go:161.46,163.10 2 0
github.com/runabol/tork/mq/inmemory.go:163.10,165.4 1 0
github.com/runabol/tork/mq/inmemory.go:166.3,166.28 1 0
github.com/runabol/tork/mq/inmemory.go:170.83,173.9 3 0
github.com/runabol/tork/mq/inmemory.go:173.9,176.3 2 0
github.com/runabol/tork/mq/inmemory.go:177.2,178.12 2 0
github.com/runabol/tork/mq/inmemory.go:181.75,183.44 2 0
github.com/runabol/tork/mq/inmemory.go:183.44,190.3 1 0
github.com/runabol/tork/mq/inmemory.go:191.2,191.16 1 0
github.com/runabol/tork/mq/inmemory.go:194.82,196.2 1 0
github.com/runabol/tork/mq/inmemory.go:198.89,199.56 1 0
github.com/runabol/tork/mq/inmemory.go:199.56,201.10 2 0
github.com/runabol/tork/mq/inmemory.go:201.10,203.4 1 0
github.com/runabol/tork/mq/inmemory.go:204.3,204.20 1 0
github.com/runabol/tork/mq/inmemory.go:208.77,210.2 1 0
github.com/runabol/tork/mq/inmemory.go:212.82,213.51 1 0
github.com/runabol/tork/mq/inmemory.go:213.51,215.10 2 0
github.com/runabol/tork/mq/inmemory.go:215.10,217.4 1 0
github.com/runabol/tork/mq/inmemory.go:218.3,218.20 1 0
github.com/runabol/tork/mq/inmemory.go:222.61,224.9 2 0
github.com/runabol/tork/mq/inmemory.go:224.9,227.3 2 0
github.com/runabol/tork/mq/inmemory.go:228.2,229.12 2 0
github.com/runabol/tork/mq/inmemory.go:232.62,233.46 1 0
github.com/runabol/tork/mq/inmemory.go:233.46,235.3 1 0
github.com/runabol/tork/mq/inmemory.go:236.2,237.12 2 0
github.com/runabol/tork/mq/inmemory.go:237.12,238.45 1 0
github.com/runabol/tork/mq/inmemory.go:238.45,241.4 2 0
github.com/runabol/tork/mq/inmemory.go:242.3,242.45 1 0
github.com/runabol/tork/mq/inmemory.go:242.45,245.4 2 0
github.com/runabol/tork/mq/inmemory.go:246.3,246.12 1 0
github.com/runabol/tork/mq/inmemory.go:248.2,248.9 1 0
github.com/runabol/tork/mq/inmemory.go:249.20,249.20 0 0
github.com/runabol/tork/mq/inmemory.go:250.14,250.14 0 0
github.com/runabol/tork/mq/inmemory.go:252.2,252.12 1 0
github.com/runabol/tork/mq/inmemory.go:255.111,258.9 3 0
github.com/runabol/tork/mq/inmemory.go:258.9,261.3 2 0
github.com/runabol/tork/mq/inmemory.go:262.2,263.12 2 0
github.com/runabol/tork/mq/inmemory.go:266.95,267.51 1 0
github.com/runabol/tork/mq/inmemory.go:267.51,268.38 1 0
github.com/runabol/tork/mq/inmemory.go:268.38,270.4 1 0
github.com/runabol/tork/mq/inmemory.go:272.2,272.12 1 0
github.com/runabol/tork/mq/inmemory.go:275.65,276.24 1 0
github.com/runabol/tork/mq/inmemory.go:276.24,278.3 1 0
github.com/runabol/tork/mq/inmemory.go:279.2,279.12 1 0
github.com/runabol/tork/mq/queues.go:37.44,47.2 2 1
github.com/runabol/tork/mq/queues.go:49.39,51.2 1 0
github.com/runabol/tork/mq/rabbitmq.go:65.39,66.33 1 0
github.com/runabol/tork/mq/rabbitmq.go:66.33,68.3 1 0
github.com/runabol/tork/mq/rabbitmq.go:75.66,76.33 1 0
github.com/runabol/tork/mq/rabbitmq.go:76.33,78.3 1 0
github.com/runabol/tork/mq/rabbitmq.go:81.77,83.37 2 0
github.com/runabol/tork/mq/rabbitmq.go:83.37,85.17 2 0
github.com/runabol/tork/mq/rabbitmq.go:85.17,87.4 1 0
github.com/runabol/tork/mq/rabbitmq.go:88.3,88.21 1 0
github.com/runabol/tork/mq/rabbitmq.go:90.2,99.25 2 0
github.com/runabol/tork/mq/rabbitmq.go:99.25,101.3 1 0
github.com/runabol/tork/mq/rabbitmq.go:102.2,102.15 1 0
github.com/runabol/tork/mq/rabbitmq.go:105.75,107.16 2 0
github.com/runabol/tork/mq/rabbitmq.go:107.16,109.3 1 0
github.com/runabol/tork/mq/rabbitmq.go:110.2,111.25 2 0
github.com/runabol/tork/mq/rabbitmq.go:111.25,118.3 1 0
github.com/runabol/tork/mq/rabbitmq.go:119.2,119.17 1 0
github.com/runabol/tork/mq/rabbitmq.go:122.79,124.16 2 0
github.com/runabol/tork/mq/rabbitmq.go:124.16,126.3 1 0
github.com/runabol/tork/mq/rabbitmq.go:127.2,130.16 4 0
github.com/runabol/tork/mq/rabbitmq.go:130.16,132.3 1 0
github.com/runabol/tork/mq/rabbitmq.go:133.2,136.16 4 0
github.com/runabol/tork/mq/rabbitmq.go:136.16,138.3 1 0
github.com/runabol/tork/mq/rabbitmq.go:139.2,141.16 3 0
github.com/runabol/tork/mq/rabbitmq.go:141.16,143.3 1 0
github.com/runabol/tork/mq/rabbitmq.go:144.2,144.17 1 0
github.com/runabol/tork/mq/rabbitmq.go:147.93,152.16 2 0
github.com/runabol/tork/mq/rabbitmq.go:152.16,154.3 1 0
github.com/runabol/tork/mq/rabbitmq.go:155.2,156.16 2 0
github.com/runabol/tork/mq/rabbitmq.go:156.16,158.3 1 0
github.com/runabol/tork/mq/rabbitmq.go:159.2,160.79 2 0
github.com/runabol/tork/mq/rabbitmq.go:160.79,162.3 1 0
github.com/runabol/tork/mq/rabbitmq.go:163.2,163.50 1 0
github.com/runabol/tork/mq/rabbitmq.go:166.98,167.77 1 0
github.com/runabol/tork/mq/rabbitmq.go:167.77,169.10 2 0
github.com/runabol/tork/mq/rabbitmq.go:169.10,171.4 1 0
github.com/runabol/tork/mq/rabbitmq.go:172.3,172.20 1 0
github.com/runabol/tork/mq/rabbitmq.go:176.100,178.16 2 0
github.com/runabol/tork/mq/rabbitmq.go:178.16,180.3 1 0
github.com/runabol/tork/mq/rabbitmq.go:181.2,182.16 2 0
github.com/runabol/tork/mq/rabbitmq.go:182.16,184.3 1 0
github.com/runabol/tork/mq/rabbitmq.go:185.2,185.65 1 0
github.com/runabol/tork/mq/rabbitmq.go:185.65,187.3 1 0
github.com/runabol/tork/mq/rabbitmq.go:188.2,188.44 1 0
github.com/runabol/tork/mq/rabbitmq.go:188.44,190.3 1 0
github.com/runabol/tork/mq/rabbitmq.go:191.2,201.16 3 0
github.com/runabol/tork/mq/rabbitmq.go:201.16,203.3 1 0
github.com/runabol/tork/mq/rabbitmq.go:204.2,214.12 6 0
github.com/runabol/tork/mq/rabbitmq.go:214.12,215.23 1 0
github.com/runabol/tork/mq/rabbitmq.go:215.23,216.59 1 0
github.com/runabol/tork/mq/rabbitmq.go:216.59,223.5 1 0
github.com/runabol/tork/mq/rabbitmq.go:223.10,224.40 1 0
github.com/runabol/tork/mq/rabbitmq.go:224.40,230.44 2 0
github.com/runabol/tork/mq/rabbitmq.go:230.44,234.7 1 0
github.com/runabol/tork/mq/rabbitmq.go:235.11,236.41 1 0
github.com/runabol/tork/mq/rabbitmq.go:236.41,240.7 1 0
github.com/runabol/tork/mq/rabbitmq.go:244.3,245.74 2 0
github.com/runabol/tork/mq/rabbitmq.go:245.74,247.69 2 0
github.com/runabol/tork/mq/rabbitmq.go:247.69,252.5 2 0
github.com/runabol/tork/mq/rabbitmq.go:252.10,254.5 1 0
github.com/runabol/tork/mq/rabbitmq.go:256.3,256.16 1 0
github.com/runabol/tork/mq/rabbitmq.go:258.2,258.12 1 0
github.com/runabol/tork/mq/rabbitmq.go:261.41,263.76 2 0
github.com/runabol/tork/mq/rabbitmq.go:263.76,265.3 1 0
github.com/runabol/tork/mq/rabbitmq.go:266.2,267.16 2 0
github.com/runabol/tork/mq/rabbitmq.go:267.16,269.3 1 0
github.com/runabol/tork/mq/rabbitmq.go:270.2,270.18 1 0
github.com/runabol/tork/mq/rabbitmq.go:273.58,274.15 1 0
github.com/runabol/tork/mq/rabbitmq.go:275.20,277.50 2 0
github.com/runabol/tork/mq/rabbitmq.go:277.50,279.4 1 0
github.com/runabol/tork/mq/rabbitmq.go:280.3,280.17 1 0
github.com/runabol/tork/mq/rabbitmq.go:281.19,283.50 2 0
github.com/runabol/tork/mq/rabbitmq.go:283.50,285.4 1 0
github.com/runabol/tork/mq/rabbitmq.go:286.3,286.17 1 0
github.com/runabol/tork/mq/rabbitmq.go:287.20,289.50 2 0
github.com/runabol/tork/mq/rabbitmq.go:289.50,291.4 1 0
github.com/runabol/tork/mq/rabbitmq.go:292.3,292.17 1 0
github.com/runabol/tork/mq/rabbitmq.go:294.2,294.62 1 0
github.com/runabol/tork/mq/rabbitmq.go:297.92,299.8 2 0
github.com/runabol/tork/mq/rabbitmq.go:299.8,301.3 1 0
github.com/runabol/tork/mq/rabbitmq.go:303.2,304.16 2 0
github.com/runabol/tork/mq/rabbitmq.go:304.16,306.3 1 0
github.com/runabol/tork/mq/rabbitmq.go:307.2,308.23 2 0
github.com/runabol/tork/mq/rabbitmq.go:308.23,309.22 1 0
github.com/runabol/tork/mq/rabbitmq.go:309.22,311.4 1 0
github.com/runabol/tork/mq/rabbitmq.go:313.2,313.13 1 0
github.com/runabol/tork/mq/rabbitmq.go:313.13,316.31 3 0
github.com/runabol/tork/mq/rabbitmq.go:316.31,318.4 1 0
github.com/runabol/tork/mq/rabbitmq.go:319.3,328.17 3 0
github.com/runabol/tork/mq/rabbitmq.go:328.17,330.4 1 0
github.com/runabol/tork/mq/rabbitmq.go:331.3,331.34 1 0
github.com/runabol/tork/mq/rabbitmq.go:331.34,332.73 1 0
github.com/runabol/tork/mq/rabbitmq.go:332.73,334.5 1 0
github.com/runabol/tork/mq/rabbitmq.go:337.2,338.12 2 0
github.com/runabol/tork/mq/rabbitmq.go:341.84,343.2 1 0
github.com/runabol/tork/mq/rabbitmq.go:345.92,347.16 2 0
github.com/runabol/tork/mq/rabbitmq.go:347.16,349.3 1 0
github.com/runabol/tork/mq/rabbitmq.go:350.2,351.16 2 0
github.com/runabol/tork/mq/rabbitmq.go:351.16,353.3 1 0
github.com/runabol/tork/mq/rabbitmq.go:354.2,356.16 3 0
github.com/runabol/tork/mq/rabbitmq.go:356.16,358.3 1 0
github.com/runabol/tork/mq/rabbitmq.go:359.2,369.16 2 0
github.com/runabol/tork/mq/rabbitmq.go:369.16,371.3 1 0
github.com/runabol/tork/mq/rabbitmq.go:372.2,372.12 1 0
github.com/runabol/tork/mq/rabbitmq.go:375.89,376.87 1 0
github.com/runabol/tork/mq/rabbitmq.go:376.87,378.10 2 0
github.com/runabol/tork/mq/rabbitmq.go:378.10,380.4 1 0
github.com/runabol/tork/mq/rabbitmq.go:381.3,381.20 1 0
github.com/runabol/tork/mq/rabbitmq.go:385.77,387.2 1 0
github.com/runabol/tork/mq/rabbitmq.go:388.82,389.82 1 0
github.com/runabol/tork/mq/rabbitmq.go:389.82,391.10 2 0
github.com/runabol/tork/mq/rabbitmq.go:391.10,393.4 1 0
github.com/runabol/tork/mq/rabbitmq.go:394.3,394.20 1 0
github.com/runabol/tork/mq/rabbitmq.go:398.68,401.26 3 0
github.com/runabol/tork/mq/rabbitmq.go:401.26,403.3 1 0
github.com/runabol/tork/mq/rabbitmq.go:404.2,407.21 4 0
github.com/runabol/tork/mq/rabbitmq.go:407.21,414.17 4 0
github.com/runabol/tork/mq/rabbitmq.go:414.17,416.4 1 0
github.com/runabol/tork/mq/rabbitmq.go:417.3,417.32 1 0
github.com/runabol/tork/mq/rabbitmq.go:419.2,420.35 2 0
github.com/runabol/tork/mq/rabbitmq.go:420.35,422.3 1 0
github.com/runabol/tork/mq/rabbitmq.go:423.2,423.18 1 0
github.com/runabol/tork/mq/rabbitmq.go:426.48,430.2 3 0
github.com/runabol/tork/mq/rabbitmq.go:432.62,435.24 1 0
github.com/runabol/tork/mq/rabbitmq.go:435.24,437.3 1 0
github.com/runabol/tork/mq/rabbitmq.go:438.2,442.38 4 0
github.com/runabol/tork/mq/rabbitmq.go:442.38,445.56 2 0
github.com/runabol/tork/mq/rabbitmq.go:445.56,449.4 1 0
github.com/runabol/tork/mq/rabbitmq.go:453.2,453.38 1 0
github.com/runabol/tork/mq/rabbitmq.go:453.38,455.37 1 0
github.com/runabol/tork/mq/rabbitmq.go:455.37,456.12 1 0
github.com/runabol/tork/mq/rabbitmq.go:458.3,460.10 2 0
github.com/runabol/tork/mq/rabbitmq.go:461.21,461.21 0 0
github.com/runabol/tork/mq/rabbitmq.go:462.19,462.19 0 0
github.com/runabol/tork/mq/rabbitmq.go:465.2,469.34 4 0
github.com/runabol/tork/mq/rabbitmq.go:469.34,473.31 3 0
github.com/runabol/tork/mq/rabbitmq.go:473.31,474.36 1 0
github.com/runabol/tork/mq/rabbitmq.go:474.36,478.5 1 0
github.com/runabol/tork/mq/rabbitmq.go:479.4,479.13 1 0
github.com/runabol/tork/mq/rabbitmq.go:481.3,481.10 1 0
github.com/runabol/tork/mq/rabbitmq.go:482.21,482.21 0 0
github.com/runabol/tork/mq/rabbitmq.go:483.15,483.15 0 0
github.com/runabol/tork/mq/rabbitmq.go:486.2,489.12 4 0
github.com/runabol/tork/mq/rabbitmq.go:492.113,495.68 3 0
github.com/runabol/tork/mq/rabbitmq.go:495.68,498.3 2 0
github.com/runabol/tork/mq/rabbitmq.go:501.91,503.2 1 0
github.com/runabol/tork/mq/rabbitmq.go:505.65,507.16 2 0
github.com/runabol/tork/mq/rabbitmq.go:507.16,509.3 1 0
github.com/runabol/tork/mq/rabbitmq.go:510.2,511.16 2 0
github.com/runabol/tork/mq/rabbitmq.go:511.16,513.3 1 0
github.com/runabol/tork/mq/rabbitmq.go:514.2,515.12 2 0
github.com/runabol/tork/job.go:71.28,73.23 2 0
github.com/runabol/tork/job.go:73.23,75.3 1 0
github.com/runabol/tork/job.go:76.2,96.3 1 0
github.com/runabol/tork/job.go:99.40,104.2 1 0
github.com/runabol/tork/job.go:106.44,111.2 1 0
github.com/runabol/tork/job.go:113.44,115.21 2 0
github.com/runabol/tork/job.go:115.21,117.3 1 0
github.com/runabol/tork/job.go:118.2,118.20 1 0
github.com/runabol/tork/job.go:118.20,120.3 1 0
github.com/runabol/tork/job.go:121.2,123.15 3 0
github.com/runabol/tork/job.go:126.40,143.2 1 0
github.com/runabol/tork/node.go:30.30,42.2 1 0
github.com/runabol/tork/task.go:99.36,103.2 1 0
github.com/runabol/tork/task.go:105.30,107.20 2 0
github.com/runabol/tork/task.go:107.20,109.3 1 0
github.com/runabol/tork/task.go:110.2,111.21 2 0
github.com/runabol/tork/task.go:111.21,113.3 1 0
github.com/runabol/tork/task.go:114.2,115.19 2 0
github.com/runabol/tork/task.go:115.19,117.3 1 0
github.com/runabol/tork/task.go:118.2,119.21 2 0
github.com/runabol/tork/task.go:119.21,121.3 1 0
github.com/runabol/tork/task.go:122.2,123.23 2 0
github.com/runabol/tork/task.go:123.23,125.3 1 0
github.com/runabol/tork/task.go:126.2,127.23 2 0
github.com/runabol/tork/task.go:127.23,129.3 1 0
github.com/runabol/tork/task.go:130.2,166.3 1 0
github.com/runabol/tork/task.go:169.40,171.26 2 0
github.com/runabol/tork/task.go:171.26,173.3 1 0
github.com/runabol/tork/task.go:174.2,174.13 1 0
github.com/runabol/tork/task.go:177.40,182.2 1 0
github.com/runabol/tork/task.go:184.42,189.2 1 0
github.com/runabol/tork/task.go:191.38,198.2 1 0
github.com/runabol/tork/task.go:200.42,209.2 1 0
github.com/runabol/tork/task.go:211.46,216.2 1 0
github.com/runabol/tork/task.go:218.38,223.2 1 0
github.com/runabol/tork/version.go:13.32,15.2 1 1
github.com/runabol/tork/health/health.go:32.84,34.16 2 1
github.com/runabol/tork/health/health.go:34.16,35.51 1 0
github.com/runabol/tork/health/health.go:37.2,37.37 1 1
github.com/runabol/tork/health/health.go:37.37,38.75 1 0
github.com/runabol/tork/health/health.go:40.2,41.10 2 1
github.com/runabol/tork/health/health.go:44.36,48.2 1 1
github.com/runabol/tork/health/health.go:50.65,51.38 1 1
github.com/runabol/tork/health/health.go:51.38,52.34 1 1
github.com/runabol/tork/health/health.go:52.34,58.4 2 1
github.com/runabol/tork/health/health.go:60.2,63.3 1 1
github.com/runabol/tork/job.go:71.28,73.23 2 0
github.com/runabol/tork/job.go:73.23,75.3 1 0
github.com/runabol/tork/job.go:76.2,96.3 1 0
github.com/runabol/tork/job.go:99.40,104.2 1 0
github.com/runabol/tork/job.go:106.44,111.2 1 0
github.com/runabol/tork/job.go:113.44,115.21 2 0
github.com/runabol/tork/job.go:115.21,117.3 1 0
github.com/runabol/tork/job.go:118.2,118.20 1 0
github.com/runabol/tork/job.go:118.20,120.3 1 0
github.com/runabol/tork/job.go:121.2,123.15 3 0
github.com/runabol/tork/job.go:126.40,143.2 1 0
github.com/runabol/tork/node.go:30.30,42.2 1 0
github.com/runabol/tork/task.go:99.36,103.2 1 0
github.com/runabol/tork/task.go:105.30,107.20 2 0
github.com/runabol/tork/task.go:107.20,109.3 1 0
github.com/runabol/tork/task.go:110.2,111.21 2 0
github.com/runabol/tork/task.go:111.21,113.3 1 0
github.com/runabol/tork/task.go:114.2,115.19 2 0
github.com/runabol/tork/task.go:115.19,117.3 1 0
github.com/runabol/tork/task.go:118.2,119.21 2 0
github.com/runabol/tork/task.go:119.21,121.3 1 0
github.com/runabol/tork/task.go:122.2,123.23 2 0
github.com/runabol/tork/task.go:123.23,125.3 1 0
github.com/runabol/tork/task.go:126.2,127.23 2 0
github.com/runabol/tork/task.go:127.23,129.3 1 0
github.com/runabol/tork/task.go:130.2,166.3 1 0
github.com/runabol/tork/task.go:169.40,171.26 2 0
github.com/runabol/tork/task.go:171.26,173.3 1 0
github.com/runabol/tork/task.go:174.2,174.13 1 0
github.com/runabol/tork/task.go:177.40,182.2 1 0
github.com/runabol/tork/task.go:184.42,189.2 1 0
github.com/runabol/tork/task.go:191.38,198.2 1 0
github.com/runabol/tork/task.go:200.42,209.2 1 0
github.com/runabol/tork/task.go:211.46,216.2 1 0
github.com/runabol/tork/task.go:218.38,223.2 1 0
github.com/runabol/tork/version.go:13.32,15.2 1 0
github.com/runabol/tork/internal/eval/eval.go:15.57,18.16 2 1
github.com/runabol/tork/internal/eval/eval.go:18.16,20.3 1 0
github.com/runabol/tork/internal/eval/eval.go:21.2,24.16 3 1
github.com/runabol/tork/internal/eval/eval.go:24.16,26.3 1 0
github.com/runabol/tork/internal/eval/eval.go:27.2,30.16 3 1
github.com/runabol/tork/internal/eval/eval.go:30.16,32.3 1 0
github.com/runabol/tork/internal/eval/eval.go:33.2,36.16 3 1
github.com/runabol/tork/internal/eval/eval.go:36.16,38.3 1 0
github.com/runabol/tork/internal/eval/eval.go:39.2,42.24 3 1
github.com/runabol/tork/internal/eval/eval.go:42.24,44.17 2 1
github.com/runabol/tork/internal/eval/eval.go:44.17,46.4 1 0
github.com/runabol/tork/internal/eval/eval.go:47.3,47.18 1 1
github.com/runabol/tork/internal/eval/eval.go:49.2,52.16 3 1
github.com/runabol/tork/internal/eval/eval.go:52.16,54.3 1 0
github.com/runabol/tork/internal/eval/eval.go:55.2,58.28 3 1
github.com/runabol/tork/internal/eval/eval.go:58.28,59.46 1 1
github.com/runabol/tork/internal/eval/eval.go:59.46,61.4 1 0
github.com/runabol/tork/internal/eval/eval.go:62.3,62.16 1 1
github.com/runabol/tork/internal/eval/eval.go:64.2,67.30 3 1
github.com/runabol/tork/internal/eval/eval.go:67.30,68.47 1 1
github.com/runabol/tork/internal/eval/eval.go:68.47,70.4 1 0
github.com/runabol/tork/internal/eval/eval.go:71.3,71.18 1 1
github.com/runabol/tork/internal/eval/eval.go:73.2,75.23 2 1
github.com/runabol/tork/internal/eval/eval.go:75.23,77.40 2 1
github.com/runabol/tork/internal/eval/eval.go:77.40,78.47 1 1
github.com/runabol/tork/internal/eval/eval.go:78.47,80.5 1 0
github.com/runabol/tork/internal/eval/eval.go:81.4,81.21 1 1
github.com/runabol/tork/internal/eval/eval.go:83.3,83.30 1 1
github.com/runabol/tork/internal/eval/eval.go:85.2,85.12 1 1
github.com/runabol/tork/internal/eval/eval.go:88.68,89.14 1 1
github.com/runabol/tork/internal/eval/eval.go:89.14,91.3 1 1
github.com/runabol/tork/internal/eval/eval.go:92.2,94.71 3 1
github.com/runabol/tork/internal/eval/eval.go:94.71,101.17 7 1
github.com/runabol/tork/internal/eval/eval.go:101.17,103.4 1 0
github.com/runabol/tork/internal/eval/eval.go:104.3,105.15 2 1
github.com/runabol/tork/internal/eval/eval.go:107.2,108.26 2 1
github.com/runabol/tork/internal/eval/eval.go:111.32,115.2 3 1
github.com/runabol/tork/internal/eval/eval.go:117.37,118.67 1 1
github.com/runabol/tork/internal/eval/eval.go:118.67,120.3 1 1
github.com/runabol/tork/internal/eval/eval.go:121.2,121.11 1 1
github.com/runabol/tork/internal/eval/eval.go:124.61,130.22 3 1
github.com/runabol/tork/internal/eval/eval.go:130.22,132.3 1 1
github.com/runabol/tork/internal/eval/eval.go:133.2,134.16 2 1
github.com/runabol/tork/internal/eval/eval.go:134.16,136.3 1 0
github.com/runabol/tork/internal/eval/eval.go:137.2,138.16 2 1
github.com/runabol/tork/internal/eval/eval.go:138.16,140.3 1 0
github.com/runabol/tork/internal/eval/eval.go:141.2,141.20 1 1
github.com/runabol/tork/internal/eval/funcs.go:10.42,11.20 1 1
github.com/runabol/tork/internal/eval/funcs.go:11.20,12.21 1 1
github.com/runabol/tork/internal/eval/funcs.go:12.21,14.4 1 1
github.com/runabol/tork/internal/eval/funcs.go:15.3,16.18 2 1
github.com/runabol/tork/internal/eval/funcs.go:16.18,18.4 1 1
github.com/runabol/tork/internal/eval/funcs.go:19.3,19.38 1 1
github.com/runabol/tork/internal/eval/funcs.go:20.8,20.27 1 1
github.com/runabol/tork/internal/eval/funcs.go:20.27,22.3 1 1
github.com/runabol/tork/internal/eval/funcs.go:22.8,24.3 1 1
github.com/runabol/tork/internal/eval/funcs.go:27.38,28.18 1 1
github.com/runabol/tork/internal/eval/funcs.go:28.18,30.3 1 1
github.com/runabol/tork/internal/eval/funcs.go:31.2,32.25 2 1
github.com/runabol/tork/internal/eval/funcs.go:32.25,35.3 2 1
github.com/runabol/tork/internal/eval/funcs.go:36.2,36.15 1 1
github.com/runabol/tork/internal/netx/netx.go:10.38,13.16 3 1
github.com/runabol/tork/internal/netx/netx.go:13.16,15.3 1 1
github.com/runabol/tork/internal/netx/netx.go:16.2,16.17 1 1
github.com/runabol/tork/internal/netx/netx.go:16.17,17.38 1 1
github.com/runabol/tork/internal/netx/netx.go:17.38,21.4 1 0
github.com/runabol/tork/internal/netx/netx.go:22.3,22.14 1 1
github.com/runabol/tork/internal/netx/netx.go:24.2,24.14 1 0
github.com/runabol/tork/internal/httpx/httpx.go:11.39,13.12 2 1
github.com/runabol/tork/internal/httpx/httpx.go:13.12,14.75 1 1
github.com/runabol/tork/internal/httpx/httpx.go:14.75,16.4 1 0
github.com/runabol/tork/internal/httpx/httpx.go:18.2,18.27 1 1
github.com/runabol/tork/internal/httpx/httpx.go:18.27,19.10 1 1
github.com/runabol/tork/internal/httpx/httpx.go:20.25,21.14 1 0
github.com/runabol/tork/internal/httpx/httpx.go:22.45,22.45 0 1
github.com/runabol/tork/internal/httpx/httpx.go:24.3,24.30 1 1
github.com/runabol/tork/internal/httpx/httpx.go:24.30,26.4 1 1
github.com/runabol/tork/internal/httpx/httpx.go:28.2,28.52 1 0
github.com/runabol/tork/internal/netx/netx.go:10.38,13.16 3 1
github.com/runabol/tork/internal/netx/netx.go:13.16,15.3 1 0
github.com/runabol/tork/internal/netx/netx.go:16.2,16.17 1 1
github.com/runabol/tork/internal/netx/netx.go:16.17,17.38 1 1
github.com/runabol/tork/internal/netx/netx.go:17.38,21.4 1 0
github.com/runabol/tork/internal/netx/netx.go:22.3,22.14 1 1
github.com/runabol/tork/internal/netx/netx.go:24.2,24.14 1 0
github.com/runabol/tork/job.go:71.28,73.23 2 1
github.com/runabol/tork/job.go:73.23,75.3 1 1
github.com/runabol/tork/job.go:76.2,96.3 1 1
github.com/runabol/tork/job.go:99.40,104.2 1 1
github.com/runabol/tork/job.go:106.44,111.2 1 1
github.com/runabol/tork/job.go:113.44,115.21 2 1
github.com/runabol/tork/job.go:115.21,117.3 1 1
github.com/runabol/tork/job.go:118.2,118.20 1 1
github.com/runabol/tork/job.go:118.20,120.3 1 1
github.com/runabol/tork/job.go:121.2,123.15 3 1
github.com/runabol/tork/job.go:126.40,143.2 1 0
github.com/runabol/tork/node.go:30.30,42.2 1 0
github.com/runabol/tork/task.go:99.36,103.2 1 0
github.com/runabol/tork/task.go:105.30,107.20 2 1
github.com/runabol/tork/task.go:107.20,109.3 1 1
github.com/runabol/tork/task.go:110.2,111.21 2 1
github.com/runabol/tork/task.go:111.21,113.3 1 1
github.com/runabol/tork/task.go:114.2,115.19 2 1
github.com/runabol/tork/task.go:115.19,117.3 1 1
github.com/runabol/tork/task.go:118.2,119.21 2 1
github.com/runabol/tork/task.go:119.21,121.3 1 1
github.com/runabol/tork/task.go:122.2,123.23 2 1
github.com/runabol/tork/task.go:123.23,125.3 1 1
github.com/runabol/tork/task.go:126.2,127.23 2 1
github.com/runabol/tork/task.go:127.23,129.3 1 0
github.com/runabol/tork/task.go:130.2,166.3 1 1
github.com/runabol/tork/task.go:169.40,171.26 2 1
github.com/runabol/tork/task.go:171.26,173.3 1 1
github.com/runabol/tork/task.go:174.2,174.13 1 1
github.com/runabol/tork/task.go:177.40,182.2 1 1
github.com/runabol/tork/task.go:184.42,189.2 1 1
github.com/runabol/tork/task.go:191.38,198.2 1 1
github.com/runabol/tork/task.go:200.42,209.2 1 1
github.com/runabol/tork/task.go:211.46,216.2 1 1
github.com/runabol/tork/task.go:218.38,223.2 1 0
github.com/runabol/tork/version.go:13.32,15.2 1 0
github.com/runabol/tork/datastore/inmemory.go:40.51,41.37 1 0
github.com/runabol/tork/datastore/inmemory.go:41.37,43.3 1 0
github.com/runabol/tork/datastore/inmemory.go:46.50,47.37 1 0
github.com/runabol/tork/datastore/inmemory.go:47.37,49.3 1 0
github.com/runabol/tork/datastore/inmemory.go:51.51,52.37 1 0
github.com/runabol/tork/datastore/inmemory.go:52.37,54.3 1 0
github.com/runabol/tork/datastore/inmemory.go:57.62,59.27 2 1
github.com/runabol/tork/datastore/inmemory.go:59.27,61.3 1 0
github.com/runabol/tork/datastore/inmemory.go:62.2,63.31 2 1
github.com/runabol/tork/datastore/inmemory.go:63.31,65.3 1 0
github.com/runabol/tork/datastore/inmemory.go:66.2,68.30 3 1
github.com/runabol/tork/datastore/inmemory.go:68.30,70.3 1 0
github.com/runabol/tork/datastore/inmemory.go:71.2,74.11 4 1
github.com/runabol/tork/datastore/inmemory.go:77.82,78.16 1 1
github.com/runabol/tork/datastore/inmemory.go:78.16,80.3 1 0
github.com/runabol/tork/datastore/inmemory.go:81.2,82.12 2 1
github.com/runabol/tork/datastore/inmemory.go:85.94,87.9 2 1
github.com/runabol/tork/datastore/inmemory.go:87.9,89.3 1 0
github.com/runabol/tork/datastore/inmemory.go:90.2,90.23 1 1
github.com/runabol/tork/datastore/inmemory.go:93.112,95.9 2 1
github.com/runabol/tork/datastore/inmemory.go:95.9,97.3 1 0
github.com/runabol/tork/datastore/inmemory.go:98.2,98.68 1 1
github.com/runabol/tork/datastore/inmemory.go:98.68,100.40 2 1
github.com/runabol/tork/datastore/inmemory.go:100.40,102.4 1 0
github.com/runabol/tork/datastore/inmemory.go:103.3,103.21 1 1
github.com/runabol/tork/datastore/inmemory.go:107.82,109.8 2 0
github.com/runabol/tork/datastore/inmemory.go:109.8,111.3 1 0
github.com/runabol/tork/datastore/inmemory.go:112.2,113.12 2 0
github.com/runabol/tork/datastore/inmemory.go:116.112,118.9 2 0
github.com/runabol/tork/datastore/inmemory.go:118.9,120.3 1 0
github.com/runabol/tork/datastore/inmemory.go:121.2,121.68 1 0
github.com/runabol/tork/datastore/inmemory.go:121.68,123.40 2 0
github.com/runabol/tork/datastore/inmemory.go:123.40,125.4 1 0
github.com/runabol/tork/datastore/inmemory.go:126.3,126.21 1 0
github.com/runabol/tork/datastore/inmemory.go:130.94,132.9 2 0
github.com/runabol/tork/datastore/inmemory.go:132.9,134.3 1 0
github.com/runabol/tork/datastore/inmemory.go:135.2,135.23 1 0
github.com/runabol/tork/datastore/inmemory.go:138.88,141.48 3 0
github.com/runabol/tork/datastore/inmemory.go:141.48,142.39 1 0
github.com/runabol/tork/datastore/inmemory.go:142.39,145.80 1 0
github.com/runabol/tork/datastore/inmemory.go:145.80,147.5 1 0
github.com/runabol/tork/datastore/inmemory.go:148.4,148.36 1 0
github.com/runabol/tork/datastore/inmemory.go:151.2,151.40 1 0
github.com/runabol/tork/datastore/inmemory.go:151.40,153.3 1 0
github.com/runabol/tork/datastore/inmemory.go:154.2,154.19 1 0
github.com/runabol/tork/datastore/inmemory.go:157.80,160.2 2 1
github.com/runabol/tork/datastore/inmemory.go:162.110,164.9 2 0
github.com/runabol/tork/datastore/inmemory.go:164.9,166.3 1 0
github.com/runabol/tork/datastore/inmemory.go:168.2,168.65 1 0
github.com/runabol/tork/datastore/inmemory.go:168.65,170.40 2 0
github.com/runabol/tork/datastore/inmemory.go:170.40,172.4 1 0
github.com/runabol/tork/datastore/inmemory.go:173.3,173.21 1 0
github.com/runabol/tork/datastore/inmemory.go:176.2,176.16 1 0
github.com/runabol/tork/datastore/inmemory.go:176.16,178.3 1 0
github.com/runabol/tork/datastore/inmemory.go:180.2,181.9 2 0
github.com/runabol/tork/datastore/inmemory.go:181.9,183.3 1 0
github.com/runabol/tork/datastore/inmemory.go:185.2,185.73 1 0
github.com/runabol/tork/datastore/inmemory.go:185.73,187.30 2 0
github.com/runabol/tork/datastore/inmemory.go:187.30,189.4 1 0
github.com/runabol/tork/datastore/inmemory.go:190.3,190.58 1 0
github.com/runabol/tork/datastore/inmemory.go:190.58,192.4 1 0
github.com/runabol/tork/datastore/inmemory.go:195.2,195.12 1 0
github.com/runabol/tork/datastore/inmemory.go:198.67,200.48 2 1
github.com/runabol/tork/datastore/inmemory.go:200.48,201.20 1 1
github.com/runabol/tork/datastore/inmemory.go:201.20,203.4 1 1
github.com/runabol/tork/datastore/inmemory.go:205.2,205.18 1 1
github.com/runabol/tork/datastore/inmemory.go:208.92,210.9 2 1
github.com/runabol/tork/datastore/inmemory.go:210.9,212.3 1 0
github.com/runabol/tork/datastore/inmemory.go:213.2,215.44 3 1
github.com/runabol/tork/datastore/inmemory.go:215.44,218.19 3 0
github.com/runabol/tork/datastore/inmemory.go:218.19,220.4 1 0
github.com/runabol/tork/datastore/inmemory.go:221.3,223.16 3 0
github.com/runabol/tork/datastore/inmemory.go:223.16,225.4 1 0
github.com/runabol/tork/datastore/inmemory.go:226.3,226.16 1 0
github.com/runabol/tork/datastore/inmemory.go:226.16,228.4 1 0
github.com/runabol/tork/datastore/inmemory.go:229.3,229.24 1 0
github.com/runabol/tork/datastore/inmemory.go:231.2,232.23 2 1
github.com/runabol/tork/datastore/inmemory.go:235.102,237.48 2 0
github.com/runabol/tork/datastore/inmemory.go:237.48,238.45 1 0
github.com/runabol/tork/datastore/inmemory.go:238.45,240.4 1 0
github.com/runabol/tork/datastore/inmemory.go:242.2,242.20 1 0
github.com/runabol/tork/datastore/inmemory.go:245.118,248.46 3 0
github.com/runabol/tork/datastore/inmemory.go:248.46,250.75 1 0
github.com/runabol/tork/datastore/inmemory.go:250.75,252.4 1 0
github.com/runabol/tork/datastore/inmemory.go:254.2,254.43 1 0
github.com/runabol/tork/datastore/inmemory.go:254.43,256.3 1 0
github.com/runabol/tork/datastore/inmemory.go:257.2,258.63 2 0
github.com/runabol/tork/datastore/inmemory.go:258.63,261.3 2 0
github.com/runabol/tork/datastore/inmemory.go:262.2,263.29 2 0
github.com/runabol/tork/datastore/inmemory.go:263.29,265.3 1 0
github.com/runabol/tork/datastore/inmemory.go:266.2,272.8 1 0
github.com/runabol/tork/datastore/inmemory.go:275.85,278.46 2 0
github.com/runabol/tork/datastore/inmemory.go:278.46,279.38 1 0
github.com/runabol/tork/datastore/inmemory.go:279.38,281.4 1 0
github.com/runabol/tork/datastore/inmemory.go:284.2,284.48 1 0
github.com/runabol/tork/datastore/inmemory.go:284.48,285.39 1 0
github.com/runabol/tork/datastore/inmemory.go:285.39,287.4 1 0
github.com/runabol/tork/datastore/inmemory.go:290.2,290.48 1 0
github.com/runabol/tork/datastore/inmemory.go:290.48,291.72 1 0
github.com/runabol/tork/datastore/inmemory.go:291.72,294.4 2 0
github.com/runabol/tork/datastore/inmemory.go:297.2,297.25 1 0
github.com/runabol/tork/datastore/inmemory.go:297.25,299.3 1 0
github.com/runabol/tork/datastore/inmemory.go:301.2,301.15 1 0
github.com/runabol/tork/datastore/inmemory.go:304.92,306.2 1 0
github.com/runabol/tork/datastore/inmemory.go:308.69,310.48 2 0
github.com/runabol/tork/datastore/inmemory.go:310.48,311.24 1 0
github.com/runabol/tork/datastore/inmemory.go:311.24,313.4 1 0
github.com/runabol/tork/datastore/inmemory.go:315.2,315.29 1 0
github.com/runabol/tork/datastore/inmemory.go:315.29,317.3 1 0
github.com/runabol/tork/datastore/inmemory.go:320.69,322.2 1 0
github.com/runabol/tork/datastore/postgres.go:95.50,97.18 2 0
github.com/runabol/tork/datastore/postgres.go:97.18,98.53 1 0
github.com/runabol/tork/datastore/postgres.go:98.53,100.4 1 0
github.com/runabol/tork/datastore/postgres.go:102.2,103.20 2 0
github.com/runabol/tork/datastore/postgres.go:103.20,104.57 1 0
github.com/runabol/tork/datastore/postgres.go:104.57,106.4 1 0
github.com/runabol/tork/datastore/postgres.go:108.2,109.18 2 0
github.com/runabol/tork/datastore/postgres.go:109.18,110.53 1 0
github.com/runabol/tork/datastore/postgres.go:110.53,112.4 1 0
github.com/runabol/tork/datastore/postgres.go:114.2,115.19 2 0
github.com/runabol/tork/datastore/postgres.go:115.19,116.55 1 0
github.com/runabol/tork/datastore/postgres.go:116.55,118.4 1 0
github.com/runabol/tork/datastore/postgres.go:120.2,121.20 2 0
github.com/runabol/tork/datastore/postgres.go:121.20,123.56 2 0
github.com/runabol/tork/datastore/postgres.go:123.56,125.4 1 0
github.com/runabol/tork/datastore/postgres.go:127.2,128.21 2 0
github.com/runabol/tork/datastore/postgres.go:128.21,130.58 2 0
github.com/runabol/tork/datastore/postgres.go:130.58,132.4 1 0
github.com/runabol/tork/datastore/postgres.go:134.2,135.23 2 0
github.com/runabol/tork/datastore/postgres.go:135.23,137.62 2 0
github.com/runabol/tork/datastore/postgres.go:137.62,139.4 1 0
github.com/runabol/tork/datastore/postgres.go:141.2,142.19 2 0
github.com/runabol/tork/datastore/postgres.go:142.19,144.54 2 0
github.com/runabol/tork/datastore/postgres.go:144.54,146.4 1 0
github.com/runabol/tork/datastore/postgres.go:148.2,149.21 2 0
github.com/runabol/tork/datastore/postgres.go:149.21,151.58 2 0
github.com/runabol/tork/datastore/postgres.go:151.58,153.4 1 0
github.com/runabol/tork/datastore/postgres.go:155.2,156.23 2 0
github.com/runabol/tork/datastore/postgres.go:156.23,158.62 2 0
github.com/runabol/tork/datastore/postgres.go:158.62,160.4 1 0
github.com/runabol/tork/datastore/postgres.go:162.2,163.21 2 0
github.com/runabol/tork/datastore/postgres.go:163.21,164.59 1 0
github.com/runabol/tork/datastore/postgres.go:164.59,166.4 1 0
github.com/runabol/tork/datastore/postgres.go:168.2,203.8 1 0
github.com/runabol/tork/datastore/postgres.go:206.41,220.78 2 0
github.com/runabol/tork/datastore/postgres.go:220.78,222.3 1 0
github.com/runabol/tork/datastore/postgres.go:223.2,223.11 1 0
github.com/runabol/tork/datastore/postgres.go:226.76,228.54 2 0
github.com/runabol/tork/datastore/postgres.go:228.54,230.3 1 0
github.com/runabol/tork/datastore/postgres.go:231.2,232.58 2 0
github.com/runabol/tork/datastore/postgres.go:232.58,234.3 1 0
github.com/runabol/tork/datastore/postgres.go:235.2,236.23 2 0
github.com/runabol/tork/datastore/postgres.go:236.23,238.62 2 0
github.com/runabol/tork/datastore/postgres.go:238.62,240.4 1 0
github.com/runabol/tork/datastore/postgres.go:242.2,262.8 1 0
github.com/runabol/tork/datastore/postgres.go:265.67,267.16 2 0
github.com/runabol/tork/datastore/postgres.go:267.16,269.3 1 0
github.com/runabol/tork/datastore/postgres.go:270.2,272.8 1 0
github.com/runabol/tork/datastore/postgres.go:275.62,278.2 2 0
github.com/runabol/tork/datastore/postgres.go:280.82,282.18 2 0
github.com/runabol/tork/datastore/postgres.go:282.18,284.17 2 0
github.com/runabol/tork/datastore/postgres.go:284.17,286.4 1 0
github.com/runabol/tork/datastore/postgres.go:287.3,288.11 2 0
github.com/runabol/tork/datastore/postgres.go:290.2,291.20 2 0
github.com/runabol/tork/datastore/postgres.go:291.20,293.17 2 0
github.com/runabol/tork/datastore/postgres.go:293.17,295.4 1 0
github.com/runabol/tork/datastore/postgres.go:296.3,297.13 2 0
github.com/runabol/tork/datastore/postgres.go:299.2,300.16 2 0
github.com/runabol/tork/datastore/postgres.go:300.16,302.3 1 0
github.com/runabol/tork/datastore/postgres.go:303.2,304.16 2 0
github.com/runabol/tork/datastore/postgres.go:304.16,306.3 1 0
github.com/runabol/tork/datastore/postgres.go:307.2,308.20 2 0
github.com/runabol/tork/datastore/postgres.go:308.20,310.17 2 0
github.com/runabol/tork/datastore/postgres.go:310.17,312.4 1 0
github.com/runabol/tork/datastore/postgres.go:313.3,314.13 2 0
github.com/runabol/tork/datastore/postgres.go:316.2,317.21 2 0
github.com/runabol/tork/datastore/postgres.go:317.21,319.17 2 0
github.com/runabol/tork/datastore/postgres.go:319.17,321.4 1 0
github.com/runabol/tork/datastore/postgres.go:322.3,323.14 2 0
github.com/runabol/tork/datastore/postgres.go:325.2,326.16 2 0
github.com/runabol/tork/datastore/postgres.go:326.16,328.3 1 0
github.com/runabol/tork/datastore/postgres.go:329.2,330.19 2 0
github.com/runabol/tork/datastore/postgres.go:330.19,332.17 2 0
github.com/runabol/tork/datastore/postgres.go:332.17,334.4 1 0
github.com/runabol/tork/datastore/postgres.go:335.3,336.12 2 0
github.com/runabol/tork/datastore/postgres.go:338.2,339.21 2 0
github.com/runabol/tork/datastore/postgres.go:339.21,341.17 2 0
github.com/runabol/tork/datastore/postgres.go:341.17,343.4 1 0
github.com/runabol/tork/datastore/postgres.go:344.3,345.14 2 0
github.com/runabol/tork/datastore/postgres.go:347.2,348.23 2 0
github.com/runabol/tork/datastore/postgres.go:348.23,350.17 2 0
github.com/runabol/tork/datastore/postgres.go:350.17,352.4 1 0
github.com/runabol/tork/datastore/postgres.go:353.3,354.16 2 0
github.com/runabol/tork/datastore/postgres.go:356.2,357.23 2 0
github.com/runabol/tork/datastore/postgres.go:357.23,359.17 2 0
github.com/runabol/tork/datastore/postgres.go:359.17,361.4 1 0
github.com/runabol/tork/datastore/postgres.go:362.3,363.14 2 0
github.com/runabol/tork/datastore/postgres.go:365.2,441.16 3 0
github.com/runabol/tork/datastore/postgres.go:441.16,443.3 1 0
github.com/runabol/tork/datastore/postgres.go:444.2,444.12 1 0
github.com/runabol/tork/datastore/postgres.go:447.38,449.2 1 0
github.com/runabol/tork/datastore/postgres.go:451.94,453.76 2 0
github.com/runabol/tork/datastore/postgres.go:453.76,454.27 1 0
github.com/runabol/tork/datastore/postgres.go:454.27,456.4 1 0
github.com/runabol/tork/datastore/postgres.go:457.3,457.63 1 0
github.com/runabol/tork/datastore/postgres.go:459.2,459.19 1 0
github.com/runabol/tork/datastore/postgres.go:462.112,463.49 1 0
github.com/runabol/tork/datastore/postgres.go:463.49,465.10 2 0
github.com/runabol/tork/datastore/postgres.go:465.10,467.4 1 0
github.com/runabol/tork/datastore/postgres.go:468.3,469.90 2 0
github.com/runabol/tork/datastore/postgres.go:469.90,471.4 1 0
github.com/runabol/tork/datastore/postgres.go:472.3,473.17 2 0
github.com/runabol/tork/datastore/postgres.go:473.17,475.4 1 0
github.com/runabol/tork/datastore/postgres.go:476.3,476.35 1 0
github.com/runabol/tork/datastore/postgres.go:476.35,478.4 1 0
github.com/runabol/tork/datastore/postgres.go:479.3,480.20 2 0
github.com/runabol/tork/datastore/postgres.go:480.20,482.18 2 0
github.com/runabol/tork/datastore/postgres.go:482.18,484.5 1 0
github.com/runabol/tork/datastore/postgres.go:485.4,486.13 2 0
github.com/runabol/tork/datastore/postgres.go:488.3,489.24 2 0
github.com/runabol/tork/datastore/postgres.go:489.24,491.18 2 0
github.com/runabol/tork/datastore/postgres.go:491.18,493.5 1 0
github.com/runabol/tork/datastore/postgres.go:494.4,495.17 2 0
github.com/runabol/tork/datastore/postgres.go:497.3,498.22 2 0
github.com/runabol/tork/datastore/postgres.go:498.22,500.18 2 0
github.com/runabol/tork/datastore/postgres.go:500.18,502.5 1 0
github.com/runabol/tork/datastore/postgres.go:503.4,504.15 2 0
github.com/runabol/tork/datastore/postgres.go:506.3,507.22 2 0
github.com/runabol/tork/datastore/postgres.go:507.22,509.18 2 0
github.com/runabol/tork/datastore/postgres.go:509.18,511.5 1 0
github.com/runabol/tork/datastore/postgres.go:512.4,513.15 2 0
github.com/runabol/tork/datastore/postgres.go:515.3,516.21 2 0
github.com/runabol/tork/datastore/postgres.go:516.21,518.18 2 0
github.com/runabol/tork/datastore/postgres.go:518.18,520.5 1 0
github.com/runabol/tork/datastore/postgres.go:521.4,522.14 2 0
github.com/runabol/tork/datastore/postgres.go:524.3,559.17 3 0
github.com/runabol/tork/datastore/postgres.go:559.17,561.4 1 0
github.com/runabol/tork/datastore/postgres.go:562.3,562.13 1 0
github.com/runabol/tork/datastore/postgres.go:566.82,572.16 3 0
github.com/runabol/tork/datastore/postgres.go:572.16,574.3 1 0
github.com/runabol/tork/datastore/postgres.go:575.2,575.12 1 0
github.com/runabol/tork/datastore/postgres.go:578.112,579.49 1 0
github.com/runabol/tork/datastore/postgres.go:579.49,581.10 2 0
github.com/runabol/tork/datastore/postgres.go:581.10,583.4 1 0
github.com/runabol/tork/datastore/postgres.go:584.3,585.90 2 0
github.com/runabol/tork/datastore/postgres.go:585.90,587.4 1 0
github.com/runabol/tork/datastore/postgres.go:588.3,589.35 2 0
github.com/runabol/tork/datastore/postgres.go:589.35,591.4 1 0
github.com/runabol/tork/datastore/postgres.go:592.3,599.17 3 0
github.com/runabol/tork/datastore/postgres.go:599.17,601.4 1 0
github.com/runabol/tork/datastore/postgres.go:602.3,602.13 1 0
github.com/runabol/tork/datastore/postgres.go:606.94,608.77 2 0
github.com/runabol/tork/datastore/postgres.go:608.77,609.27 1 0
github.com/runabol/tork/datastore/postgres.go:609.27,611.4 1 0
github.com/runabol/tork/datastore/postgres.go:612.3,612.63 1 0
github.com/runabol/tork/datastore/postgres.go:614.2,614.25 1 0
github.com/runabol/tork/datastore/postgres.go:617.88,624.53 4 0
github.com/runabol/tork/datastore/postgres.go:624.53,626.3 1 0
github.com/runabol/tork/datastore/postgres.go:627.2,628.24 2 0
github.com/runabol/tork/datastore/postgres.go:628.24,631.3 1 0
github.com/runabol/tork/datastore/postgres.go:632.2,632.16 1 0
github.com/runabol/tork/datastore/postgres.go:635.80,636.16 1 0
github.com/runabol/tork/datastore/postgres.go:636.16,638.3 1 0
github.com/runabol/tork/datastore/postgres.go:639.2,640.16 2 0
github.com/runabol/tork/datastore/postgres.go:640.16,642.3 1 0
github.com/runabol/tork/datastore/postgres.go:643.2,644.16 2 0
github.com/runabol/tork/datastore/postgres.go:644.16,646.3 1 0
github.com/runabol/tork/datastore/postgres.go:647.2,648.16 2 0
github.com/runabol/tork/datastore/postgres.go:648.16,650.3 1 0
github.com/runabol/tork/datastore/postgres.go:651.2,652.23 2 0
github.com/runabol/tork/datastore/postgres.go:652.23,654.17 2 0
github.com/runabol/tork/datastore/postgres.go:654.17,656.4 1 0
github.com/runabol/tork/datastore/postgres.go:657.3,658.16 2 0
github.com/runabol/tork/datastore/postgres.go:660.2,667.16 3 0
github.com/runabol/tork/datastore/postgres.go:667.16,669.3 1 0
github.com/runabol/tork/datastore/postgres.go:670.2,670.12 1 0
github.com/runabol/tork/datastore/postgres.go:672.110,673.49 1 0
github.com/runabol/tork/datastore/postgres.go:673.49,675.10 2 0
github.com/runabol/tork/datastore/postgres.go:675.10,677.4 1 0
github.com/runabol/tork/datastore/postgres.go:678.3,679.88 2 0
github.com/runabol/tork/datastore/postgres.go:679.88,681.4 1 0
github.com/runabol/tork/datastore/postgres.go:682.3,683.57 2 0
github.com/runabol/tork/datastore/postgres.go:683.57,685.4 1 0
github.com/runabol/tork/datastore/postgres.go:686.3,687.17 2 0
github.com/runabol/tork/datastore/postgres.go:687.17,689.4 1 0
github.com/runabol/tork/datastore/postgres.go:690.3,690.35 1 0
github.com/runabol/tork/datastore/postgres.go:690.35,692.4 1 0
github.com/runabol/tork/datastore/postgres.go:693.3,694.17 2 0
github.com/runabol/tork/datastore/postgres.go:694.17,696.4 1 0
github.com/runabol/tork/datastore/postgres.go:697.3,708.13 3 0
github.com/runabol/tork/datastore/postgres.go:712.92,714.75 2 0
github.com/runabol/tork/datastore/postgres.go:714.75,715.27 1 0
github.com/runabol/tork/datastore/postgres.go:715.27,717.4 1 0
github.com/runabol/tork/datastore/postgres.go:718.3,718.62 1 0
github.com/runabol/tork/datastore/postgres.go:720.2,721.56 2 0
github.com/runabol/tork/datastore/postgres.go:721.56,723.3 1 0
github.com/runabol/tork/datastore/postgres.go:724.2,729.47 3 0
github.com/runabol/tork/datastore/postgres.go:729.47,731.3 1 0
github.com/runabol/tork/datastore/postgres.go:732.2,733.23 2 0
github.com/runabol/tork/datastore/postgres.go:733.23,735.17 2 0
github.com/runabol/tork/datastore/postgres.go:735.17,737.4 1 0
github.com/runabol/tork/datastore/postgres.go:738.3,738.14 1 0
github.com/runabol/tork/datastore/postgres.go:741.2,741.29 1 0
github.com/runabol/tork/datastore/postgres.go:744.102,752.121 3 0
github.com/runabol/tork/datastore/postgres.go:752.121,754.3 1 0
github.com/runabol/tork/datastore/postgres.go:755.2,756.23 2 0
github.com/runabol/tork/datastore/postgres.go:756.23,758.17 2 0
github.com/runabol/tork/datastore/postgres.go:758.17,760.4 1 0
github.com/runabol/tork/datastore/postgres.go:761.3,761.17 1 0
github.com/runabol/tork/datastore/postgres.go:764.2,764.21 1 0
github.com/runabol/tork/datastore/postgres.go:767.118,777.48 4 0
github.com/runabol/tork/datastore/postgres.go:777.48,779.3 1 0
github.com/runabol/tork/datastore/postgres.go:780.2,781.23 2 0
github.com/runabol/tork/datastore/postgres.go:781.23,783.17 2 0
github.com/runabol/tork/datastore/postgres.go:783.17,785.4 1 0
github.com/runabol/tork/datastore/postgres.go:786.3,786.36 1 0
github.com/runabol/tork/datastore/postgres.go:789.2,796.25 2 0
github.com/runabol/tork/datastore/postgres.go:796.25,798.3 1 0
github.com/runabol/tork/datastore/postgres.go:800.2,801.22 2 0
github.com/runabol/tork/datastore/postgres.go:801.22,803.3 1 0
github.com/runabol/tork/datastore/postgres.go:805.2,811.8 1 0
github.com/runabol/tork/datastore/postgres.go:814.85,817.101 2 0
github.com/runabol/tork/datastore/postgres.go:817.101,819.3 1 0
github.com/runabol/tork/datastore/postgres.go:821.2,821.103 1 0
github.com/runabol/tork/datastore/postgres.go:821.103,823.3 1 0
github.com/runabol/tork/datastore/postgres.go:825.2,825.146 1 0
github.com/runabol/tork/datastore/postgres.go:825.146,827.3 1 0
github.com/runabol/tork/datastore/postgres.go:829.2,829.169 1 0
github.com/runabol/tork/datastore/postgres.go:829.169,831.3 1 0
github.com/runabol/tork/datastore/postgres.go:833.2,833.15 1 0
github.com/runabol/tork/datastore/postgres.go:836.93,837.18 1 0
github.com/runabol/tork/datastore/postgres.go:837.18,839.3 1 0
github.com/runabol/tork/datastore/postgres.go:839.8,841.3 1 0
github.com/runabol/tork/datastore/postgres.go:844.97,845.18 1 0
github.com/runabol/tork/datastore/postgres.go:845.18,847.3 1 0
github.com/runabol/tork/datastore/postgres.go:847.8,849.3 1 0
github.com/runabol/tork/datastore/postgres.go:852.82,853.18 1 0
github.com/runabol/tork/datastore/postgres.go:853.18,855.3 1 0
github.com/runabol/tork/datastore/postgres.go:855.8,857.3 1 0
github.com/runabol/tork/datastore/postgres.go:860.92,864.18 4 0
github.com/runabol/tork/datastore/postgres.go:864.18,866.3 1 0
github.com/runabol/tork/datastore/postgres.go:866.8,869.17 3 0
github.com/runabol/tork/datastore/postgres.go:869.17,871.4 1 0
github.com/runabol/tork/datastore/postgres.go:873.2,876.31 2 0
github.com/runabol/tork/datastore/postgres.go:876.31,877.12 1 0
github.com/runabol/tork/datastore/postgres.go:877.12,878.40 1 0
github.com/runabol/tork/datastore/postgres.go:878.40,882.5 1 0
github.com/runabol/tork/datastore/postgres.go:884.3,884.13 1 0
github.com/runabol/tork/datastore/postgres.go:886.2,886.11 1 0
github.com/runabol/tork/datastore/postgres.go:886.11,887.37 1 0
github.com/runabol/tork/datastore/postgres.go:887.37,889.4 1 0
github.com/runabol/tork/datastore/postgres.go:891.2,891.12 1 0
github.com/runabol/tork/datastore/postgres.go:894.69,895.80 1 0
github.com/runabol/tork/datastore/postgres.go:895.80,897.3 1 0
github.com/runabol/tork/datastore/postgres.go:898.2,898.81 1 0
github.com/runabol/tork/datastore/postgres.go:898.81,900.3 1 0
github.com/runabol/tork/datastore/postgres.go:901.2,901.81 1 0
github.com/runabol/tork/datastore/postgres.go:901.81,903.3 1 0
github.com/runabol/tork/datastore/postgres.go:904.2,904.12 1 0
github.com/runabol/tork/internal/cache/cache.go:38.70,41.28 2 0
github.com/runabol/tork/internal/cache/cache.go:41.28,43.3 1 0
github.com/runabol/tork/internal/cache/cache.go:44.2,44.11 1 0
github.com/runabol/tork/internal/cache/cache.go:44.11,46.3 1 0
github.com/runabol/tork/internal/cache/cache.go:47.2,54.15 3 0
github.com/runabol/tork/internal/cache/cache.go:57.67,59.28 2 0
github.com/runabol/tork/internal/cache/cache.go:59.28,61.3 1 0
github.com/runabol/tork/internal/cache/cache.go:62.2,62.11 1 0
github.com/runabol/tork/internal/cache/cache.go:62.11,64.3 1 0
github.com/runabol/tork/internal/cache/cache.go:65.2,67.12 3 0
github.com/runabol/tork/internal/cache/cache.go:67.12,70.3 2 0
github.com/runabol/tork/internal/cache/cache.go:71.2,77.12 5 0
github.com/runabol/tork/internal/cache/cache.go:81.56,83.28 2 1
github.com/runabol/tork/internal/cache/cache.go:83.28,85.3 1 1
github.com/runabol/tork/internal/cache/cache.go:86.2,86.11 1 1
github.com/runabol/tork/internal/cache/cache.go:86.11,88.3 1 0
github.com/runabol/tork/internal/cache/cache.go:89.2,94.15 3 1
github.com/runabol/tork/internal/cache/cache.go:99.39,101.2 1 1
github.com/runabol/tork/internal/cache/cache.go:103.67,107.12 3 1
github.com/runabol/tork/internal/cache/cache.go:107.12,110.3 2 0
github.com/runabol/tork/internal/cache/cache.go:111.2,115.16 5 1
github.com/runabol/tork/internal/cache/cache.go:115.16,118.3 2 0
github.com/runabol/tork/internal/cache/cache.go:119.2,121.12 3 1
github.com/runabol/tork/internal/cache/cache.go:126.51,130.12 3 1
github.com/runabol/tork/internal/cache/cache.go:130.12,133.3 2 0
github.com/runabol/tork/internal/cache/cache.go:134.2,137.25 4 1
github.com/runabol/tork/internal/cache/cache.go:137.25,138.46 1 0
github.com/runabol/tork/internal/cache/cache.go:138.46,140.4 1 0
github.com/runabol/tork/internal/cache/cache.go:142.2,142.26 1 1
github.com/runabol/tork/internal/cache/cache.go:146.37,150.13 4 0
github.com/runabol/tork/internal/cache/cache.go:150.13,152.3 1 0
github.com/runabol/tork/internal/cache/cache.go:155.54,156.24 1 0
github.com/runabol/tork/internal/cache/cache.go:156.24,157.36 1 0
github.com/runabol/tork/internal/cache/cache.go:157.36,160.4 2 0
github.com/runabol/tork/internal/cache/cache.go:162.2,163.19 2 0
github.com/runabol/tork/internal/cache/cache.go:172.36,176.28 4 0
github.com/runabol/tork/internal/cache/cache.go:176.28,179.45 2 0
github.com/runabol/tork/internal/cache/cache.go:179.45,181.15 2 0
github.com/runabol/tork/internal/cache/cache.go:181.15,183.5 1 0
github.com/runabol/tork/internal/cache/cache.go:185.3,185.16 1 0
github.com/runabol/tork/internal/cache/cache.go:187.2,188.33 2 0
github.com/runabol/tork/internal/cache/cache.go:188.33,190.3 1 0
github.com/runabol/tork/internal/cache/cache.go:196.49,200.2 3 1
github.com/runabol/tork/internal/cache/cache.go:203.51,208.28 5 1
github.com/runabol/tork/internal/cache/cache.go:208.28,210.23 1 1
github.com/runabol/tork/internal/cache/cache.go:210.23,211.26 1 0
github.com/runabol/tork/internal/cache/cache.go:211.26,212.13 1 0
github.com/runabol/tork/internal/cache/cache.go:215.3,215.11 1 1
github.com/runabol/tork/internal/cache/cache.go:217.2,217.10 1 1
github.com/runabol/tork/internal/cache/cache.go:220.54,222.26 2 1
github.com/runabol/tork/internal/cache/cache.go:222.26,226.3 3 1
github.com/runabol/tork/internal/cache/cache.go:231.36,236.2 4 0
github.com/runabol/tork/internal/cache/cache.go:239.28,243.2 3 0
github.com/runabol/tork/internal/cache/cache.go:250.39,252.6 2 1
github.com/runabol/tork/internal/cache/cache.go:252.6,253.10 1 1
github.com/runabol/tork/internal/cache/cache.go:254.19,255.21 1 0
github.com/runabol/tork/internal/cache/cache.go:256.17,258.10 2 0
github.com/runabol/tork/internal/cache/cache.go:263.28,265.2 1 0
github.com/runabol/tork/internal/cache/cache.go:267.38,269.2 1 0
github.com/runabol/tork/internal/cache/cache.go:271.55,278.2 3 1
github.com/runabol/tork/internal/cache/cache.go:280.73,281.13 1 1
github.com/runabol/tork/internal/cache/cache.go:281.13,283.3 1 0
github.com/runabol/tork/internal/cache/cache.go:284.2,288.10 2 1
github.com/runabol/tork/internal/cache/cache.go:291.102,293.12 2 1
github.com/runabol/tork/internal/cache/cache.go:293.12,295.3 1 1
github.com/runabol/tork/internal/cache/cache.go:296.2,296.10 1 1
github.com/runabol/tork/internal/cache/cache.go:304.77,307.2 2 1
github.com/runabol/tork/internal/coordinator/scheduler/scheduler.go:22.67,24.2 1 1
github.com/runabol/tork/internal/coordinator/scheduler/scheduler.go:26.75,27.23 1 0
github.com/runabol/tork/internal/coordinator/scheduler/scheduler.go:27.23,29.3 1 0
github.com/runabol/tork/internal/coordinator/scheduler/scheduler.go:29.8,29.26 1 0
github.com/runabol/tork/internal/coordinator/scheduler/scheduler.go:29.26,31.3 1 0
github.com/runabol/tork/internal/coordinator/scheduler/scheduler.go:31.8,31.28 1 0
github.com/runabol/tork/internal/coordinator/scheduler/scheduler.go:31.28,33.3 1 0
github.com/runabol/tork/internal/coordinator/scheduler/scheduler.go:34.2,34.38 1 0
github.com/runabol/tork/internal/coordinator/scheduler/scheduler.go:37.82,41.16 3 1
github.com/runabol/tork/internal/coordinator/scheduler/scheduler.go:41.16,43.3 1 0
github.com/runabol/tork/internal/coordinator/scheduler/scheduler.go:44.2,44.25 1 1
github.com/runabol/tork/internal/coordinator/scheduler/scheduler.go:44.25,45.31 1 1
github.com/runabol/tork/internal/coordinator/scheduler/scheduler.go:45.31,47.4 1 1
github.com/runabol/tork/internal/coordinator/scheduler/scheduler.go:48.3,48.33 1 1
github.com/runabol/tork/internal/coordinator/scheduler/scheduler.go:48.33,49.23 1 1
github.com/runabol/tork/internal/coordinator/scheduler/scheduler.go:49.23,51.5 1 1
github.com/runabol/tork/internal/coordinator/scheduler/scheduler.go:52.4,52.27 1 1
github.com/runabol/tork/internal/coordinator/scheduler/scheduler.go:52.27,54.5 1 1
github.com/runabol/tork/internal/coordinator/scheduler/scheduler.go:55.4,55.29 1 1
github.com/runabol/tork/internal/coordinator/scheduler/scheduler.go:55.29,57.5 1 1
github.com/runabol/tork/internal/coordinator/scheduler/scheduler.go:59.3,59.22 1 1
github.com/runabol/tork/internal/coordinator/scheduler/scheduler.go:59.22,61.4 1 1
github.com/runabol/tork/internal/coordinator/scheduler/scheduler.go:62.3,62.32 1 1
github.com/runabol/tork/internal/coordinator/scheduler/scheduler.go:62.32,63.22 1 1
github.com/runabol/tork/internal/coordinator/scheduler/scheduler.go:63.22,65.5 1 1
github.com/runabol/tork/internal/coordinator/scheduler/scheduler.go:66.4,66.26 1 1
github.com/runabol/tork/internal/coordinator/scheduler/scheduler.go:66.26,68.5 1 1
github.com/runabol/tork/internal/coordinator/scheduler/scheduler.go:71.2,71.19 1 1
github.com/runabol/tork/internal/coordinator/scheduler/scheduler.go:71.19,73.3 1 0
github.com/runabol/tork/internal/coordinator/scheduler/scheduler.go:75.2,77.64 3 1
github.com/runabol/tork/internal/coordinator/scheduler/scheduler.go:77.64,85.3 7 1
github.com/runabol/tork/internal/coordinator/scheduler/scheduler.go:85.17,87.3 1 0
github.com/runabol/tork/internal/coordinator/scheduler/scheduler.go:88.2,88.46 1 1
github.com/runabol/tork/internal/coordinator/scheduler/scheduler.go:91.77,106.64 3 1
github.com/runabol/tork/internal/coordinator/scheduler/scheduler.go:106.64,112.3 5 1
github.com/runabol/tork/internal/coordinator/scheduler/scheduler.go:112.17,114.3 1 0
github.com/runabol/tork/internal/coordinator/scheduler/scheduler.go:115.2,115.52 1 1
github.com/runabol/tork/internal/coordinator/scheduler/scheduler.go:115.52,117.3 1 0
github.com/runabol/tork/internal/coordinator/scheduler/scheduler.go:118.2,118.41 1 1
github.com/runabol/tork/internal/coordinator/scheduler/scheduler.go:121.79,125.16 3 1
github.com/runabol/tork/internal/coordinator/scheduler/scheduler.go:125.16,127.3 1 0
github.com/runabol/tork/internal/coordinator/scheduler/scheduler.go:129.2,130.16 2 1
github.com/runabol/tork/internal/coordinator/scheduler/scheduler.go:130.16,132.3 1 0
github.com/runabol/tork/internal/coordinator/scheduler/scheduler.go:133.2,135.35 3 1
github.com/runabol/tork/internal/coordinator/scheduler/scheduler.go:135.35,136.36 1 1
github.com/runabol/tork/internal/coordinator/scheduler/scheduler.go:136.36,138.4 1 1
github.com/runabol/tork/internal/coordinator/scheduler/scheduler.go:139.8,141.3 1 0
github.com/runabol/tork/internal/coordinator/scheduler/scheduler.go:143.2,143.64 1 1
github.com/runabol/tork/internal/coordinator/scheduler/scheduler.go:143.64,149.3 5 1
github.com/runabol/tork/internal/coordinator/scheduler/scheduler.go:149.17,151.3 1 0
github.com/runabol/tork/internal/coordinator/scheduler/scheduler.go:153.2,153.29 1 1
github.com/runabol/tork/internal/coordinator/scheduler/scheduler.go:153.29,166.51 10 1
github.com/runabol/tork/internal/coordinator/scheduler/scheduler.go:166.51,170.4 3 0
github.com/runabol/tork/internal/coordinator/scheduler/scheduler.go:171.3,171.50 1 1
github.com/runabol/tork/internal/coordinator/scheduler/scheduler.go:171.50,173.4 1 0
github.com/runabol/tork/internal/coordinator/scheduler/scheduler.go:174.3,174.73 1 1
github.com/runabol/tork/internal/coordinator/scheduler/scheduler.go:174.73,176.4 1 0
github.com/runabol/tork/internal/coordinator/scheduler/scheduler.go:178.2,178.12 1 1
github.com/runabol/tork/internal/coordinator/scheduler/scheduler.go:181.83,184.64 2 1
github.com/runabol/tork/internal/coordinator/scheduler/scheduler.go:184.64,189.3 4 1
github.com/runabol/tork/internal/coordinator/scheduler/scheduler.go:189.17,191.3 1 0
github.com/runabol/tork/internal/coordinator/scheduler/scheduler.go:193.2,194.16 2 1
github.com/runabol/tork/internal/coordinator/scheduler/scheduler.go:194.16,196.3 1 0
github.com/runabol/tork/internal/coordinator/scheduler/scheduler.go:198.2,198.38 1 1
github.com/runabol/tork/internal/coordinator/scheduler/scheduler.go:198.38,205.66 7 1
github.com/runabol/tork/internal/coordinator/scheduler/scheduler.go:205.66,209.4 3 0
github.com/runabol/tork/internal/coordinator/scheduler/scheduler.go:210.3,210.50 1 1
github.com/runabol/tork/internal/coordinator/scheduler/scheduler.go:210.50,212.4 1 0
github.com/runabol/tork/internal/coordinator/scheduler/scheduler.go:213.3,213.73 1 1
github.com/runabol/tork/internal/coordinator/scheduler/scheduler.go:213.73,215.4 1 0
github.com/runabol/tork/internal/coordinator/scheduler/scheduler.go:217.2,217.12 1 1
github.com/runabol/tork/internal/eval/eval.go:15.57,18.16 2 1
github.com/runabol/tork/internal/eval/eval.go:18.16,20.3 1 0
github.com/runabol/tork/internal/eval/eval.go:21.2,24.16 3 1
github.com/runabol/tork/internal/eval/eval.go:24.16,26.3 1 0
github.com/runabol/tork/internal/eval/eval.go:27.2,30.16 3 1
github.com/runabol/tork/internal/eval/eval.go:30.16,32.3 1 0
github.com/runabol/tork/internal/eval/eval.go:33.2,36.16 3 1
github.com/runabol/tork/internal/eval/eval.go:36.16,38.3 1 0
github.com/runabol/tork/internal/eval/eval.go:39.2,42.24 3 1
github.com/runabol/tork/internal/eval/eval.go:42.24,44.17 2 0
github.com/runabol/tork/internal/eval/eval.go:44.17,46.4 1 0
github.com/runabol/tork/internal/eval/eval.go:47.3,47.18 1 0
github.com/runabol/tork/internal/eval/eval.go:49.2,52.16 3 1
github.com/runabol/tork/internal/eval/eval.go:52.16,54.3 1 0
github.com/runabol/tork/internal/eval/eval.go:55.2,58.28 3 1
github.com/runabol/tork/internal/eval/eval.go:58.28,59.46 1 0
github.com/runabol/tork/internal/eval/eval.go:59.46,61.4 1 0
github.com/runabol/tork/internal/eval/eval.go:62.3,62.16 1 0
github.com/runabol/tork/internal/eval/eval.go:64.2,67.30 3 1
github.com/runabol/tork/internal/eval/eval.go:67.30,68.47 1 0
github.com/runabol/tork/internal/eval/eval.go:68.47,70.4 1 0
github.com/runabol/tork/internal/eval/eval.go:71.3,71.18 1 0
github.com/runabol/tork/internal/eval/eval.go:73.2,75.23 2 1
github.com/runabol/tork/internal/eval/eval.go:75.23,77.40 2 0
github.com/runabol/tork/internal/eval/eval.go:77.40,78.47 1 0
github.com/runabol/tork/internal/eval/eval.go:78.47,80.5 1 0
github.com/runabol/tork/internal/eval/eval.go:81.4,81.21 1 0
github.com/runabol/tork/internal/eval/eval.go:83.3,83.30 1 0
github.com/runabol/tork/internal/eval/eval.go:85.2,85.12 1 1
github.com/runabol/tork/internal/eval/eval.go:88.68,89.14 1 1
github.com/runabol/tork/internal/eval/eval.go:89.14,91.3 1 1
github.com/runabol/tork/internal/eval/eval.go:92.2,94.71 3 1
github.com/runabol/tork/internal/eval/eval.go:94.71,101.17 7 0
github.com/runabol/tork/internal/eval/eval.go:101.17,103.4 1 0
github.com/runabol/tork/internal/eval/eval.go:104.3,105.15 2 0
github.com/runabol/tork/internal/eval/eval.go:107.2,108.26 2 1
github.com/runabol/tork/internal/eval/eval.go:111.32,115.2 3 0
github.com/runabol/tork/internal/eval/eval.go:117.37,118.67 1 1
github.com/runabol/tork/internal/eval/eval.go:118.67,120.3 1 1
github.com/runabol/tork/internal/eval/eval.go:121.2,121.11 1 0
github.com/runabol/tork/internal/eval/eval.go:124.61,130.22 3 1
github.com/runabol/tork/internal/eval/eval.go:130.22,132.3 1 1
github.com/runabol/tork/internal/eval/eval.go:133.2,134.16 2 1
github.com/runabol/tork/internal/eval/eval.go:134.16,136.3 1 0
github.com/runabol/tork/internal/eval/eval.go:137.2,138.16 2 1
github.com/runabol/tork/internal/eval/eval.go:138.16,140.3 1 0
github.com/runabol/tork/internal/eval/eval.go:141.2,141.20 1 1
github.com/runabol/tork/internal/eval/funcs.go:10.42,11.20 1 0
github.com/runabol/tork/internal/eval/funcs.go:11.20,12.21 1 0
github.com/runabol/tork/internal/eval/funcs.go:12.21,14.4 1 0
github.com/runabol/tork/internal/eval/funcs.go:15.3,16.18 2 0
github.com/runabol/tork/internal/eval/funcs.go:16.18,18.4 1 0
github.com/runabol/tork/internal/eval/funcs.go:19.3,19.38 1 0
github.com/runabol/tork/internal/eval/funcs.go:20.8,20.27 1 0
github.com/runabol/tork/internal/eval/funcs.go:20.27,22.3 1 0
github.com/runabol/tork/internal/eval/funcs.go:22.8,24.3 1 0
github.com/runabol/tork/internal/eval/funcs.go:27.38,28.18 1 1
github.com/runabol/tork/internal/eval/funcs.go:28.18,30.3 1 0
github.com/runabol/tork/internal/eval/funcs.go:31.2,32.25 2 1
github.com/runabol/tork/internal/eval/funcs.go:32.25,35.3 2 1
github.com/runabol/tork/internal/eval/funcs.go:36.2,36.15 1 1
github.com/runabol/tork/internal/syncx/map.go:9.35,11.2 1 0
github.com/runabol/tork/internal/syncx/map.go:13.51,15.9 2 1
github.com/runabol/tork/internal/syncx/map.go:15.9,17.3 1 1
github.com/runabol/tork/internal/syncx/map.go:18.2,18.18 1 1
github.com/runabol/tork/internal/syncx/map.go:21.41,23.2 1 1
github.com/runabol/tork/internal/syncx/map.go:25.53,26.38 1 0
github.com/runabol/tork/internal/syncx/map.go:26.38,29.3 2 0
github.com/runabol/tork/internal/uuid/uuid.go:10.23,12.2 1 1
github.com/runabol/tork/internal/wildcard/wildcard.go:7.41,8.25 1 0
github.com/runabol/tork/internal/wildcard/wildcard.go:8.25,10.13 2 0
github.com/runabol/tork/internal/wildcard/wildcard.go:10.13,12.4 1 0
github.com/runabol/tork/internal/wildcard/wildcard.go:15.2,15.14 1 0
github.com/runabol/tork/internal/wildcard/wildcard.go:18.43,20.26 1 0
github.com/runabol/tork/internal/wildcard/wildcard.go:20.26,22.3 1 0
github.com/runabol/tork/internal/wildcard/wildcard.go:24.2,24.19 1 0
github.com/runabol/tork/internal/wildcard/wildcard.go:24.19,26.3 1 0
github.com/runabol/tork/internal/wildcard/wildcard.go:30.2,30.29 1 0
github.com/runabol/tork/internal/wildcard/wildcard.go:30.29,32.3 1 0
github.com/runabol/tork/internal/wildcard/wildcard.go:35.2,38.28 4 0
github.com/runabol/tork/internal/wildcard/wildcard.go:38.28,40.3 1 0
github.com/runabol/tork/internal/wildcard/wildcard.go:42.2,44.26 2 0
github.com/runabol/tork/internal/wildcard/wildcard.go:44.26,45.22 1 0
github.com/runabol/tork/internal/wildcard/wildcard.go:45.22,47.4 1 0
github.com/runabol/tork/internal/wildcard/wildcard.go:47.9,49.4 1 0
github.com/runabol/tork/internal/wildcard/wildcard.go:52.2,52.26 1 0
github.com/runabol/tork/internal/wildcard/wildcard.go:52.26,54.3 1 0
github.com/runabol/tork/internal/wildcard/wildcard.go:57.2,57.26 1 0
github.com/runabol/tork/internal/wildcard/wildcard.go:57.26,58.27 1 0
github.com/runabol/tork/internal/wildcard/wildcard.go:58.27,61.22 3 0
github.com/runabol/tork/internal/wildcard/wildcard.go:62.11,63.56 1 0
[...]
github.com/runabol/tork/mq/rabbitmq.go:224.40,230.44 2 0
github.com/runabol/tork/mq/rabbitmq.go:230.44,234.7 1 0
github.com/runabol/tork/mq/rabbitmq.go:235.11,236.41 1 0
github.com/runabol/tork/mq/rabbitmq.go:236.41,240.7 1 0
github.com/runabol/tork/mq/rabbitmq.go:244.3,245.74 2 0
github.com/runabol/tork/mq/rabbitmq.go:245.74,247.69 2 0
github.com/runabol/tork/mq/rabbitmq.go:247.69,252.5 2 0
github.com/runabol/tork/mq/rabbitmq.go:252.10,254.5 1 0
github.com/runabol/tork/mq/rabbitmq.go:256.3,256.16 1 0
github.com/runabol/tork/mq/rabbitmq.go:258.2,258.12 1 0
github.com/runabol/tork/mq/rabbitmq.go:261.41,263.76 2 0
github.com/runabol/tork/mq/rabbitmq.go:263.76,265.3 1 0
github.com/runabol/tork/mq/rabbitmq.go:266.2,267.16 2 0
github.com/runabol/tork/mq/rabbitmq.go:267.16,269.3 1 0
github.com/runabol/tork/mq/rabbitmq.go:270.2,270.18 1 0
github.com/runabol/tork/mq/rabbitmq.go:273.58,274.15 1 0
github.com/runabol/tork/mq/rabbitmq.go:275.20,277.50 2 0
github.com/runabol/tork/mq/rabbitmq.go:277.50,279.4 1 0
github.com/runabol/tork/mq/rabbitmq.go:280.3,280.17 1 0
github.com/runabol/tork/mq/rabbitmq.go:281.19,283.50 2 0
github.com/runabol/tork/mq/rabbitmq.go:283.50,285.4 1 0
github.com/runabol/tork/mq/rabbitmq.go:286.3,286.17 1 0
github.com/runabol/tork/mq/rabbitmq.go:287.20,289.50 2 0
github.com/runabol/tork/mq/rabbitmq.go:289.50,291.4 1 0
github.com/runabol/tork/mq/rabbitmq.go:292.3,292.17 1 0
github.com/runabol/tork/mq/rabbitmq.go:294.2,294.62 1 0
github.com/runabol/tork/mq/rabbitmq.go:297.92,299.8 2 0
github.com/runabol/tork/mq/rabbitmq.go:299.8,301.3 1 0
github.com/runabol/tork/mq/rabbitmq.go:303.2,304.16 2 0
github.com/runabol/tork/mq/rabbitmq.go:304.16,306.3 1 0
github.com/runabol/tork/mq/rabbitmq.go:307.2,308.23 2 0
github.com/runabol/tork/mq/rabbitmq.go:308.23,309.22 1 0
github.com/runabol/tork/mq/rabbitmq.go:309.22,311.4 1 0
github.com/runabol/tork/mq/rabbitmq.go:313.2,313.13 1 0
github.com/runabol/tork/mq/rabbitmq.go:313.13,316.31 3 0
github.com/runabol/tork/mq/rabbitmq.go:316.31,318.4 1 0
github.com/runabol/tork/mq/rabbitmq.go:319.3,328.17 3 0
github.com/runabol/tork/mq/rabbitmq.go:328.17,330.4 1 0
github.com/runabol/tork/mq/rabbitmq.go:331.3,331.34 1 0
github.com/runabol/tork/mq/rabbitmq.go:331.34,332.73 1 0
github.com/runabol/tork/mq/rabbitmq.go:332.73,334.5 1 0
github.com/runabol/tork/mq/rabbitmq.go:337.2,338.12 2 0
github.com/runabol/tork/mq/rabbitmq.go:341.84,343.2 1 0
github.com/runabol/tork/mq/rabbitmq.go:345.92,347.16 2 0
github.com/runabol/tork/mq/rabbitmq.go:347.16,349.3 1 0
github.com/runabol/tork/mq/rabbitmq.go:350.2,351.16 2 0
github.com/runabol/tork/mq/rabbitmq.go:351.16,353.3 1 0
github.com/runabol/tork/mq/rabbitmq.go:354.2,356.16 3 0
github.com/runabol/tork/mq/rabbitmq.go:356.16,358.3 1 0
github.com/runabol/tork/mq/rabbitmq.go:359.2,369.16 2 0
github.com/runabol/tork/mq/rabbitmq.go:369.16,371.3 1 0
github.com/runabol/tork/mq/rabbitmq.go:372.2,372.12 1 0
github.com/runabol/tork/mq/rabbitmq.go:375.89,376.87 1 0
github.com/runabol/tork/mq/rabbitmq.go:376.87,378.10 2 0
github.com/runabol/tork/mq/rabbitmq.go:378.10,380.4 1 0
github.com/runabol/tork/mq/rabbitmq.go:381.3,381.20 1 0
github.com/runabol/tork/mq/rabbitmq.go:385.77,387.2 1 0
github.com/runabol/tork/mq/rabbitmq.go:388.82,389.82 1 0
github.com/runabol/tork/mq/rabbitmq.go:389.82,391.10 2 0
github.com/runabol/tork/mq/rabbitmq.go:391.10,393.4 1 0
github.com/runabol/tork/mq/rabbitmq.go:394.3,394.20 1 0
github.com/runabol/tork/mq/rabbitmq.go:398.68,401.26 3 0
github.com/runabol/tork/mq/rabbitmq.go:401.26,403.3 1 0
github.com/runabol/tork/mq/rabbitmq.go:404.2,407.21 4 0
github.com/runabol/tork/mq/rabbitmq.go:407.21,414.17 4 0
github.com/runabol/tork/mq/rabbitmq.go:414.17,416.4 1 0
github.com/runabol/tork/mq/rabbitmq.go:417.3,417.32 1 0
github.com/runabol/tork/mq/rabbitmq.go:419.2,420.35 2 0
github.com/runabol/tork/mq/rabbitmq.go:420.35,422.3 1 0
github.com/runabol/tork/mq/rabbitmq.go:423.2,423.18 1 0
github.com/runabol/tork/mq/rabbitmq.go:426.48,430.2 3 0
github.com/runabol/tork/mq/rabbitmq.go:432.62,435.24 1 0
github.com/runabol/tork/mq/rabbitmq.go:435.24,437.3 1 0
github.com/runabol/tork/mq/rabbitmq.go:438.2,442.38 4 0
github.com/runabol/tork/mq/rabbitmq.go:442.38,445.56 2 0
github.com/runabol/tork/mq/rabbitmq.go:445.56,449.4 1 0
github.com/runabol/tork/mq/rabbitmq.go:453.2,453.38 1 0
github.com/runabol/tork/mq/rabbitmq.go:453.38,455.37 1 0
github.com/runabol/tork/mq/rabbitmq.go:455.37,456.12 1 0
github.com/runabol/tork/mq/rabbitmq.go:458.3,460.10 2 0
github.com/runabol/tork/mq/rabbitmq.go:461.21,461.21 0 0
github.com/runabol/tork/mq/rabbitmq.go:462.19,462.19 0 0
github.com/runabol/tork/mq/rabbitmq.go:465.2,469.34 4 0
github.com/runabol/tork/mq/rabbitmq.go:469.34,473.31 3 0
github.com/runabol/tork/mq/rabbitmq.go:473.31,474.36 1 0
github.com/runabol/tork/mq/rabbitmq.go:474.36,478.5 1 0
github.com/runabol/tork/mq/rabbitmq.go:479.4,479.13 1 0
github.com/runabol/tork/mq/rabbitmq.go:481.3,481.10 1 0
github.com/runabol/tork/mq/rabbitmq.go:482.21,482.21 0 0
github.com/runabol/tork/mq/rabbitmq.go:483.15,483.15 0 0
github.com/runabol/tork/mq/rabbitmq.go:486.2,489.12 4 0
github.com/runabol/tork/mq/rabbitmq.go:492.113,495.68 3 0
github.com/runabol/tork/mq/rabbitmq.go:495.68,498.3 2 0
github.com/runabol/tork/mq/rabbitmq.go:501.91,503.2 1 0
github.com/runabol/tork/mq/rabbitmq.go:505.65,507.16 2 0
github.com/runabol/tork/mq/rabbitmq.go:507.16,509.3 1 0
github.com/runabol/tork/mq/rabbitmq.go:510.2,511.16 2 0
github.com/runabol/tork/mq/rabbitmq.go:511.16,513.3 1 0
github.com/runabol/tork/mq/rabbitmq.go:514.2,515.12 2 0
github.com/runabol/tork/runtime/multi.go:16.38,20.2 1 0
github.com/runabol/tork/runtime/multi.go:22.74,26.9 4 0
github.com/runabol/tork/runtime/multi.go:26.9,28.3 1 0
github.com/runabol/tork/runtime/multi.go:29.2,29.32 1 0
github.com/runabol/tork/runtime/multi.go:32.76,36.9 4 0
github.com/runabol/tork/runtime/multi.go:36.9,38.3 1 0
github.com/runabol/tork/runtime/multi.go:39.2,39.34 1 0
github.com/runabol/tork/runtime/multi.go:42.66,45.36 3 0
github.com/runabol/tork/runtime/multi.go:45.36,46.52 1 0
github.com/runabol/tork/runtime/multi.go:48.2,48.24 1 0
github.com/runabol/tork/runtime/docker/bind.go:21.50,25.2 1 0
github.com/runabol/tork/runtime/docker/bind.go:27.73,28.20 1 0
github.com/runabol/tork/runtime/docker/bind.go:28.20,30.3 1 0
github.com/runabol/tork/runtime/docker/bind.go:31.2,31.38 1 0
github.com/runabol/tork/runtime/docker/bind.go:31.38,32.39 1 0
github.com/runabol/tork/runtime/docker/bind.go:32.39,34.4 1 0
github.com/runabol/tork/runtime/docker/bind.go:36.2,36.40 1 0
github.com/runabol/tork/runtime/docker/bind.go:36.40,37.40 1 0
github.com/runabol/tork/runtime/docker/bind.go:37.40,39.4 1 0
github.com/runabol/tork/runtime/docker/bind.go:41.2,41.65 1 0
github.com/runabol/tork/runtime/docker/bind.go:44.75,46.2 1 0
github.com/runabol/tork/runtime/docker/docker.go:57.50,58.33 1 0
github.com/runabol/tork/runtime/docker/docker.go:58.33,60.3 1 0
github.com/runabol/tork/runtime/docker/docker.go:63.63,65.16 2 1
github.com/runabol/tork/runtime/docker/docker.go:65.16,67.3 1 0
github.com/runabol/tork/runtime/docker/docker.go:68.2,74.25 2 1
github.com/runabol/tork/runtime/docker/docker.go:74.25,76.3 1 0
github.com/runabol/tork/runtime/docker/docker.go:78.2,78.23 1 1
github.com/runabol/tork/runtime/docker/docker.go:78.23,80.17 2 1
github.com/runabol/tork/runtime/docker/docker.go:80.17,82.4 1 0
github.com/runabol/tork/runtime/docker/docker.go:83.3,83.24 1 1
github.com/runabol/tork/runtime/docker/docker.go:85.2,86.16 2 1
github.com/runabol/tork/runtime/docker/docker.go:89.70,91.31 1 1
github.com/runabol/tork/runtime/docker/docker.go:91.31,93.17 2 0
github.com/runabol/tork/runtime/docker/docker.go:93.17,95.4 1 0
github.com/runabol/tork/runtime/docker/docker.go:96.3,96.28 1 0
github.com/runabol/tork/runtime/docker/docker.go:96.28,99.54 3 0
github.com/runabol/tork/runtime/docker/docker.go:99.54,103.5 1 0
github.com/runabol/tork/runtime/docker/docker.go:105.3,105.20 1 0
github.com/runabol/tork/runtime/docker/docker.go:108.2,108.28 1 1
github.com/runabol/tork/runtime/docker/docker.go:108.28,113.43 5 0
github.com/runabol/tork/runtime/docker/docker.go:113.43,115.4 1 0
github.com/runabol/tork/runtime/docker/docker.go:118.2,118.40 1 1
github.com/runabol/tork/runtime/docker/docker.go:118.40,120.3 1 0
github.com/runabol/tork/runtime/docker/docker.go:122.2,122.30 1 1
github.com/runabol/tork/runtime/docker/docker.go:122.30,127.44 5 0
github.com/runabol/tork/runtime/docker/docker.go:127.44,129.4 1 0
github.com/runabol/tork/runtime/docker/docker.go:131.2,131.12 1 1
github.com/runabol/tork/runtime/docker/docker.go:134.72,135.16 1 1
github.com/runabol/tork/runtime/docker/docker.go:135.16,137.3 1 0
github.com/runabol/tork/runtime/docker/docker.go:138.2,138.44 1 1
github.com/runabol/tork/runtime/docker/docker.go:138.44,140.3 1 0
github.com/runabol/tork/runtime/docker/docker.go:142.2,143.33 2 1
github.com/runabol/tork/runtime/docker/docker.go:143.33,145.3 1 1
github.com/runabol/tork/runtime/docker/docker.go:146.2,150.29 3 1
github.com/runabol/tork/runtime/docker/docker.go:150.29,152.17 2 0
github.com/runabol/tork/runtime/docker/docker.go:153.29,155.22 2 0
github.com/runabol/tork/runtime/docker/docker.go:155.22,157.5 1 0
github.com/runabol/tork/runtime/docker/docker.go:158.27,160.22 2 0
github.com/runabol/tork/runtime/docker/docker.go:160.22,162.5 1 0
github.com/runabol/tork/runtime/docker/docker.go:163.4,163.22 1 0
github.com/runabol/tork/runtime/docker/docker.go:163.22,165.5 1 0
github.com/runabol/tork/runtime/docker/docker.go:166.28,167.24 1 0
github.com/runabol/tork/runtime/docker/docker.go:168.11,169.58 1 0
github.com/runabol/tork/runtime/docker/docker.go:171.3,177.33 3 0
github.com/runabol/tork/runtime/docker/docker.go:180.2,181.54 2 1
github.com/runabol/tork/runtime/docker/docker.go:181.54,183.3 1 0
github.com/runabol/tork/runtime/docker/docker.go:184.2,184.15 1 1
github.com/runabol/tork/runtime/docker/docker.go:184.15,187.58 3 1
github.com/runabol/tork/runtime/docker/docker.go:187.58,189.4 1 0
github.com/runabol/tork/runtime/docker/docker.go:191.2,199.16 3 1
github.com/runabol/tork/runtime/docker/docker.go:199.16,201.3 1 0
github.com/runabol/tork/runtime/docker/docker.go:202.2,203.16 2 1
github.com/runabol/tork/runtime/docker/docker.go:203.16,205.3 1 0
github.com/runabol/tork/runtime/docker/docker.go:207.2,217.19 3 1
github.com/runabol/tork/runtime/docker/docker.go:217.19,219.3 1 1
github.com/runabol/tork/runtime/docker/docker.go:220.2,221.41 2 1
github.com/runabol/tork/runtime/docker/docker.go:221.41,223.3 1 1
github.com/runabol/tork/runtime/docker/docker.go:224.2,236.32 3 1
github.com/runabol/tork/runtime/docker/docker.go:236.32,238.3 1 0
github.com/runabol/tork/runtime/docker/docker.go:240.2,242.16 2 1
github.com/runabol/tork/runtime/docker/docker.go:242.16,248.3 2 0
github.com/runabol/tork/runtime/docker/docker.go:250.2,253.15 2 1
github.com/runabol/tork/runtime/docker/docker.go:253.15,256.48 3 1
github.com/runabol/tork/runtime/docker/docker.go:256.48,261.4 1 0
github.com/runabol/tork/runtime/docker/docker.go:265.2,265.55 1 1
github.com/runabol/tork/runtime/docker/docker.go:265.55,267.3 1 0
github.com/runabol/tork/runtime/docker/docker.go:270.2,276.16 4 1
github.com/runabol/tork/runtime/docker/docker.go:276.16,278.3 1 0
github.com/runabol/tork/runtime/docker/docker.go:280.2,289.16 2 1
github.com/runabol/tork/runtime/docker/docker.go:289.16,291.3 1 0
github.com/runabol/tork/runtime/docker/docker.go:292.2,292.15 1 1
github.com/runabol/tork/runtime/docker/docker.go:292.15,293.37 1 1
github.com/runabol/tork/runtime/docker/docker.go:293.37,295.4 1 0
github.com/runabol/tork/runtime/docker/docker.go:297.2,298.16 2 1
github.com/runabol/tork/runtime/docker/docker.go:298.16,300.3 1 0
github.com/runabol/tork/runtime/docker/docker.go:301.2,302.9 2 1
github.com/runabol/tork/runtime/docker/docker.go:303.22,304.17 1 0
github.com/runabol/tork/runtime/docker/docker.go:304.17,306.4 1 0
github.com/runabol/tork/runtime/docker/docker.go:307.28,308.29 1 1
github.com/runabol/tork/runtime/docker/docker.go:308.29,318.18 2 0
github.com/runabol/tork/runtime/docker/docker.go:318.18,321.5 2 0
github.com/runabol/tork/runtime/docker/docker.go:322.4,324.18 3 0
github.com/runabol/tork/runtime/docker/docker.go:324.18,326.5 1 0
github.com/runabol/tork/runtime/docker/docker.go:327.4,327.80 1 0
github.com/runabol/tork/runtime/docker/docker.go:328.9,330.18 2 1
github.com/runabol/tork/runtime/docker/docker.go:330.18,332.5 1 0
github.com/runabol/tork/runtime/docker/docker.go:333.4,333.21 1 1
github.com/runabol/tork/runtime/docker/docker.go:335.3,338.25 1 1
github.com/runabol/tork/runtime/docker/docker.go:340.2,340.12 1 1
github.com/runabol/tork/runtime/docker/docker.go:343.93,345.16 2 1
github.com/runabol/tork/runtime/docker/docker.go:345.16,347.3 1 0
github.com/runabol/tork/runtime/docker/docker.go:348.2,348.15 1 1
github.com/runabol/tork/runtime/docker/docker.go:348.15,350.17 2 1
github.com/runabol/tork/runtime/docker/docker.go:350.17,352.4 1 0
github.com/runabol/tork/runtime/docker/docker.go:354.2,356.6 3 1
github.com/runabol/tork/runtime/docker/docker.go:356.6,358.20 2 1
github.com/runabol/tork/runtime/docker/docker.go:358.20,359.9 1 1
github.com/runabol/tork/runtime/docker/docker.go:361.3,361.17 1 1
github.com/runabol/tork/runtime/docker/docker.go:361.17,363.4 1 0
github.com/runabol/tork/runtime/docker/docker.go:365.3,365.46 1 1
github.com/runabol/tork/runtime/docker/docker.go:365.46,367.4 1 0
github.com/runabol/tork/runtime/docker/docker.go:369.2,369.26 1 1
github.com/runabol/tork/runtime/docker/docker.go:372.98,376.16 3 1
github.com/runabol/tork/runtime/docker/docker.go:376.16,378.3 1 0
github.com/runabol/tork/runtime/docker/docker.go:380.2,380.15 1 1
github.com/runabol/tork/runtime/docker/docker.go:380.15,382.17 2 1
github.com/runabol/tork/runtime/docker/docker.go:382.17,384.4 1 0
github.com/runabol/tork/runtime/docker/docker.go:387.2,388.16 2 1
github.com/runabol/tork/runtime/docker/docker.go:388.16,390.3 1 0
github.com/runabol/tork/runtime/docker/docker.go:392.2,392.15 1 1
github.com/runabol/tork/runtime/docker/docker.go:392.15,394.17 2 1
github.com/runabol/tork/runtime/docker/docker.go:394.17,396.4 1 0
github.com/runabol/tork/runtime/docker/docker.go:398.2,399.111 2 1
github.com/runabol/tork/runtime/docker/docker.go:399.111,401.3 1 0
github.com/runabol/tork/runtime/docker/docker.go:402.2,402.12 1 1
github.com/runabol/tork/runtime/docker/docker.go:405.50,408.16 2 1
github.com/runabol/tork/runtime/docker/docker.go:408.16,410.3 1 0
github.com/runabol/tork/runtime/docker/docker.go:411.2,411.15 1 1
github.com/runabol/tork/runtime/docker/docker.go:411.15,412.36 1 1
github.com/runabol/tork/runtime/docker/docker.go:412.36,414.4 1 0
github.com/runabol/tork/runtime/docker/docker.go:417.2,419.17 3 1
github.com/runabol/tork/runtime/docker/docker.go:419.17,425.45 2 1
github.com/runabol/tork/runtime/docker/docker.go:425.45,427.4 1 0
github.com/runabol/tork/runtime/docker/docker.go:428.3,428.52 1 1
github.com/runabol/tork/runtime/docker/docker.go:428.52,430.4 1 0
github.com/runabol/tork/runtime/docker/docker.go:433.2,438.44 2 1
github.com/runabol/tork/runtime/docker/docker.go:438.44,440.3 1 0
github.com/runabol/tork/runtime/docker/docker.go:441.2,441.46 1 1
github.com/runabol/tork/runtime/docker/docker.go:441.46,443.3 1 0
github.com/runabol/tork/runtime/docker/docker.go:445.2,445.42 1 1
github.com/runabol/tork/runtime/docker/docker.go:445.42,451.45 2 0
github.com/runabol/tork/runtime/docker/docker.go:451.45,453.4 1 0
github.com/runabol/tork/runtime/docker/docker.go:454.3,454.55 1 0
github.com/runabol/tork/runtime/docker/docker.go:454.55,456.4 1 0
github.com/runabol/tork/runtime/docker/docker.go:458.2,458.36 1 1
github.com/runabol/tork/runtime/docker/docker.go:458.36,460.3 1 0
github.com/runabol/tork/runtime/docker/docker.go:462.2,462.35 1 1
github.com/runabol/tork/runtime/docker/docker.go:462.35,464.3 1 0
github.com/runabol/tork/runtime/docker/docker.go:465.2,465.23 1 1
github.com/runabol/tork/runtime/docker/docker.go:468.71,470.9 2 1
github.com/runabol/tork/runtime/docker/docker.go:470.9,472.3 1 0
github.com/runabol/tork/runtime/docker/docker.go:473.2,479.4 3 1
github.com/runabol/tork/runtime/docker/docker.go:482.64,485.2 2 1
github.com/runabol/tork/runtime/docker/docker.go:488.56,489.40 1 1
github.com/runabol/tork/runtime/docker/docker.go:489.40,491.3 1 1
github.com/runabol/tork/runtime/docker/docker.go:492.2,493.9 2 0
github.com/runabol/tork/runtime/docker/docker.go:493.9,495.3 1 0
github.com/runabol/tork/runtime/docker/docker.go:496.2,497.19 2 0
github.com/runabol/tork/runtime/docker/docker.go:497.19,499.3 1 0
github.com/runabol/tork/runtime/docker/docker.go:500.2,500.32 1 0
github.com/runabol/tork/runtime/docker/docker.go:503.58,504.42 1 1
github.com/runabol/tork/runtime/docker/docker.go:504.42,506.3 1 1
github.com/runabol/tork/runtime/docker/docker.go:507.2,507.40 1 0
github.com/runabol/tork/runtime/docker/docker.go:510.54,513.16 3 0
github.com/runabol/tork/runtime/docker/docker.go:513.16,515.3 1 0
github.com/runabol/tork/runtime/docker/docker.go:516.2,517.25 2 0
github.com/runabol/tork/runtime/docker/docker.go:517.25,518.36 1 0
github.com/runabol/tork/runtime/docker/docker.go:518.36,521.4 2 0
github.com/runabol/tork/runtime/docker/docker.go:523.2,523.12 1 0
github.com/runabol/tork/runtime/docker/docker.go:523.12,525.3 1 0
github.com/runabol/tork/runtime/docker/docker.go:526.2,526.15 1 0
github.com/runabol/tork/runtime/docker/docker.go:529.76,531.8 2 1
github.com/runabol/tork/runtime/docker/docker.go:531.8,533.3 1 1
github.com/runabol/tork/runtime/docker/docker.go:536.2,540.16 2 1
github.com/runabol/tork/runtime/docker/docker.go:540.16,542.3 1 0
github.com/runabol/tork/runtime/docker/docker.go:543.2,543.29 1 1
github.com/runabol/tork/runtime/docker/docker.go:543.29,544.36 1 1
github.com/runabol/tork/runtime/docker/docker.go:544.36,545.22 1 1
github.com/runabol/tork/runtime/docker/docker.go:545.22,548.5 2 1
github.com/runabol/tork/runtime/docker/docker.go:551.2,555.23 2 0
github.com/runabol/tork/runtime/docker/docker.go:555.23,560.3 1 0
github.com/runabol/tork/runtime/docker/docker.go:561.2,562.18 2 0
github.com/runabol/tork/runtime/docker/docker.go:567.53,568.26 1 1
github.com/runabol/tork/runtime/docker/docker.go:568.26,574.17 3 0
github.com/runabol/tork/runtime/docker/docker.go:574.17,576.12 2 0
github.com/runabol/tork/runtime/docker/docker.go:578.3,581.17 3 0
github.com/runabol/tork/runtime/docker/docker.go:581.17,583.12 2 0
github.com/runabol/tork/runtime/docker/docker.go:585.3,586.17 2 0
github.com/runabol/tork/runtime/docker/docker.go:586.17,588.12 2 0
github.com/runabol/tork/runtime/docker/docker.go:590.3,590.17 1 0
github.com/runabol/tork/runtime/docker/tmpfs.go:13.38,15.2 1 0
github.com/runabol/tork/runtime/docker/tmpfs.go:17.74,18.22 1 0
github.com/runabol/tork/runtime/docker/tmpfs.go:18.22,20.3 1 0
github.com/runabol/tork/runtime/docker/tmpfs.go:21.2,21.22 1 0
github.com/runabol/tork/runtime/docker/tmpfs.go:21.22,23.3 1 0
github.com/runabol/tork/runtime/docker/tmpfs.go:24.2,24.12 1 0
github.com/runabol/tork/runtime/docker/tmpfs.go:27.76,29.2 1 0
github.com/runabol/tork/runtime/docker/volume.go:19.49,21.16 2 1
github.com/runabol/tork/runtime/docker/volume.go:21.16,23.3 1 0
github.com/runabol/tork/runtime/docker/volume.go:24.2,24.40 1 1
github.com/runabol/tork/runtime/docker/volume.go:27.74,31.16 4 1
github.com/runabol/tork/runtime/docker/volume.go:31.16,33.3 1 0
github.com/runabol/tork/runtime/docker/volume.go:34.2,36.12 2 1
github.com/runabol/tork/runtime/docker/volume.go:39.76,41.16 2 1
github.com/runabol/tork/runtime/docker/volume.go:41.16,43.3 1 0
github.com/runabol/tork/runtime/docker/volume.go:44.2,44.26 1 1
github.com/runabol/tork/runtime/docker/volume.go:44.26,46.3 1 0
github.com/runabol/tork/runtime/docker/volume.go:47.2,47.68 1 1
github.com/runabol/tork/runtime/docker/volume.go:47.68,49.3 1 0
github.com/runabol/tork/runtime/docker/volume.go:50.2,51.12 2 1
